[ 2017-03-22T02:21:09+08:00 ] 123.151.138.56 /wechat/index.php/Pub/Suggest/beforeHighSerious?bloodGlu=7.0&time=2017-03-21%2022:00:46
INFO: [ app_init ] --START--
INFO: Run Behavior\BuildLiteBehavior [ RunTime:0.000023s ]
INFO: [ app_init ] --END-- [ RunTime:0.000495s ]
INFO: [ app_begin ] --START--
INFO: Run Behavior\ReadHtmlCacheBehavior [ RunTime:0.000658s ]
INFO: [ app_begin ] --END-- [ RunTime:0.000739s ]
NOTIC: [2048] Declaration of Pub\Controller\SuggestController::show() should be compatible with Think\Controller::show($content, $charset = '', $contentType = '', $prefix = '') D:\wwwroot\test_ykzp_com\wechat\Application\Pub\Controller\SuggestController.class.php 第 111 行.
INFO: [ view_parse ] --START--
INFO: [ template_filter ] --START--
INFO: Run Behavior\ContentReplaceBehavior [ RunTime:0.000111s ]
INFO: [ template_filter ] --END-- [ RunTime:0.000201s ]
INFO: Run Behavior\ParseTemplateBehavior [ RunTime:0.020088s ]
INFO: [ view_parse ] --END-- [ RunTime:0.020166s ]
INFO: [ view_filter ] --START--
INFO: Run Behavior\WriteHtmlCacheBehavior [ RunTime:0.000393s ]
INFO: [ view_filter ] --END-- [ RunTime:0.000457s ]
INFO: [ app_end ] --START--
INFO: Run Behavior\ShowPageTraceBehavior [ RunTime:0.000607s ]
INFO: [ app_end ] --END-- [ RunTime:0.000677s ]

[ 2017-03-22T02:21:17+08:00 ] 101.226.33.237 /wechat/index.php/Pub/Suggest/beforeHighSerious?bloodGlu=7.0&time=2017-03-2122:00:46
INFO: [ app_init ] --START--
INFO: Run Behavior\BuildLiteBehavior [ RunTime:0.000029s ]
INFO: [ app_init ] --END-- [ RunTime:0.000423s ]
INFO: [ app_begin ] --START--
INFO: Run Behavior\ReadHtmlCacheBehavior [ RunTime:0.000510s ]
INFO: [ app_begin ] --END-- [ RunTime:0.000588s ]
NOTIC: [2048] Declaration of Pub\Controller\SuggestController::show() should be compatible with Think\Controller::show($content, $charset = '', $contentType = '', $prefix = '') D:\wwwroot\test_ykzp_com\wechat\Application\Pub\Controller\SuggestController.class.php 第 111 行.
INFO: [ view_parse ] --START--
INFO: [ template_filter ] --START--
INFO: Run Behavior\ContentReplaceBehavior [ RunTime:0.000097s ]
INFO: [ template_filter ] --END-- [ RunTime:0.000172s ]
INFO: Run Behavior\ParseTemplateBehavior [ RunTime:0.009504s ]
INFO: [ view_parse ] --END-- [ RunTime:0.009623s ]
INFO: [ view_filter ] --START--
INFO: Run Behavior\WriteHtmlCacheBehavior [ RunTime:0.000348s ]
INFO: [ view_filter ] --END-- [ RunTime:0.000445s ]
INFO: [ app_end ] --START--
INFO: Run Behavior\ShowPageTraceBehavior [ RunTime:0.000533s ]
INFO: [ app_end ] --END-- [ RunTime:0.000606s ]

[ 2017-03-22T05:20:14+08:00 ] 113.58.235.205 /wechat/index.php/Pub/Index/index?openid%3Do4qGOwBLMMLXXrNQ7JJsBm9vnO28
INFO: [ app_init ] --START--
INFO: Run Behavior\BuildLiteBehavior [ RunTime:0.000024s ]
INFO: [ app_init ] --END-- [ RunTime:0.000413s ]
INFO: [ app_begin ] --START--
INFO: Run Behavior\ReadHtmlCacheBehavior [ RunTime:0.000556s ]
INFO: [ app_begin ] --END-- [ RunTime:0.000638s ]
SQL: SELECT * FROM `yk_user` WHERE `openid` = '' LIMIT 1   [ RunTime:0.0005s ]

[ 2017-03-22T05:20:15+08:00 ] 113.58.235.205 /wechat/index.php/Pub/Index/err.html
INFO: [ app_init ] --START--
INFO: Run Behavior\BuildLiteBehavior [ RunTime:0.000023s ]
INFO: [ app_init ] --END-- [ RunTime:0.000420s ]
INFO: [ app_begin ] --START--
INFO: Run Behavior\ReadHtmlCacheBehavior [ RunTime:0.000575s ]
INFO: [ app_begin ] --END-- [ RunTime:0.000653s ]
INFO: [ view_parse ] --START--
INFO: [ template_filter ] --START--
INFO: Run Behavior\ContentReplaceBehavior [ RunTime:0.000095s ]
INFO: [ template_filter ] --END-- [ RunTime:0.000231s ]
INFO: Run Behavior\ParseTemplateBehavior [ RunTime:0.016674s ]
INFO: [ view_parse ] --END-- [ RunTime:0.016781s ]
INFO: [ view_filter ] --START--
INFO: Run Behavior\WriteHtmlCacheBehavior [ RunTime:0.000447s ]
INFO: [ view_filter ] --END-- [ RunTime:0.000513s ]
INFO: [ app_end ] --START--
INFO: Run Behavior\ShowPageTraceBehavior [ RunTime:0.000540s ]
INFO: [ app_end ] --END-- [ RunTime:0.000608s ]

[ 2017-03-22T05:20:33+08:00 ] 123.151.40.34 /wechat/index.php/Pub/Suggest/beforeHighSerious?bloodGlu=8.3&time=2017-03-22%2005:18:15
INFO: [ app_init ] --START--
INFO: Run Behavior\BuildLiteBehavior [ RunTime:0.000026s ]
INFO: [ app_init ] --END-- [ RunTime:0.000756s ]
INFO: [ app_begin ] --START--
INFO: Run Behavior\ReadHtmlCacheBehavior [ RunTime:0.000671s ]
INFO: [ app_begin ] --END-- [ RunTime:0.000755s ]
NOTIC: [2048] Declaration of Pub\Controller\SuggestController::show() should be compatible with Think\Controller::show($content, $charset = '', $contentType = '', $prefix = '') D:\wwwroot\test_ykzp_com\wechat\Application\Pub\Controller\SuggestController.class.php 第 111 行.
INFO: [ view_parse ] --START--
INFO: [ template_filter ] --START--
INFO: Run Behavior\ContentReplaceBehavior [ RunTime:0.000093s ]
INFO: [ template_filter ] --END-- [ RunTime:0.000171s ]
INFO: Run Behavior\ParseTemplateBehavior [ RunTime:0.010201s ]
INFO: [ view_parse ] --END-- [ RunTime:0.010287s ]
INFO: [ view_filter ] --START--
INFO: Run Behavior\WriteHtmlCacheBehavior [ RunTime:0.000425s ]
INFO: [ view_filter ] --END-- [ RunTime:0.000507s ]
INFO: [ app_end ] --START--
INFO: Run Behavior\ShowPageTraceBehavior [ RunTime:0.000614s ]
INFO: [ app_end ] --END-- [ RunTime:0.000682s ]

[ 2017-03-22T05:20:42+08:00 ] 140.207.185.111 /wechat/index.php/Pub/Suggest/beforeHighSerious?bloodGlu=8.3&time=2017-03-2205:18:15
INFO: [ app_init ] --START--
INFO: Run Behavior\BuildLiteBehavior [ RunTime:0.000022s ]
INFO: [ app_init ] --END-- [ RunTime:0.000417s ]
INFO: [ app_begin ] --START--
INFO: Run Behavior\ReadHtmlCacheBehavior [ RunTime:0.000511s ]
INFO: [ app_begin ] --END-- [ RunTime:0.000590s ]
NOTIC: [2048] Declaration of Pub\Controller\SuggestController::show() should be compatible with Think\Controller::show($content, $charset = '', $contentType = '', $prefix = '') D:\wwwroot\test_ykzp_com\wechat\Application\Pub\Controller\SuggestController.class.php 第 111 行.
INFO: [ view_parse ] --START--
INFO: [ template_filter ] --START--
INFO: Run Behavior\ContentReplaceBehavior [ RunTime:0.000102s ]
INFO: [ template_filter ] --END-- [ RunTime:0.000176s ]
INFO: Run Behavior\ParseTemplateBehavior [ RunTime:0.009615s ]
INFO: [ view_parse ] --END-- [ RunTime:0.009695s ]
INFO: [ view_filter ] --START--
INFO: Run Behavior\WriteHtmlCacheBehavior [ RunTime:0.000451s ]
INFO: [ view_filter ] --END-- [ RunTime:0.000515s ]
INFO: [ app_end ] --START--
INFO: Run Behavior\ShowPageTraceBehavior [ RunTime:0.000515s ]
INFO: [ app_end ] --END-- [ RunTime:0.000588s ]

[ 2017-03-22T06:34:27+08:00 ] 140.207.185.111 /wechat/index.php/Pub/Index/index?openid%3Do4qGOwDuJEHjeu4tBZFZAb0RYstA
INFO: [ app_init ] --START--
INFO: Run Behavior\BuildLiteBehavior [ RunTime:0.000023s ]
INFO: [ app_init ] --END-- [ RunTime:0.000481s ]
INFO: [ app_begin ] --START--
INFO: Run Behavior\ReadHtmlCacheBehavior [ RunTime:0.000658s ]
INFO: [ app_begin ] --END-- [ RunTime:0.000739s ]
SQL: SELECT * FROM `yk_user` WHERE `openid` = '' LIMIT 1   [ RunTime:0.0007s ]

[ 2017-03-22T06:34:27+08:00 ] 140.207.185.111 /wechat/index.php/Pub/Index/err.html
INFO: [ app_init ] --START--
INFO: Run Behavior\BuildLiteBehavior [ RunTime:0.000023s ]
INFO: [ app_init ] --END-- [ RunTime:0.000410s ]
INFO: [ app_begin ] --START--
INFO: Run Behavior\ReadHtmlCacheBehavior [ RunTime:0.000604s ]
INFO: [ app_begin ] --END-- [ RunTime:0.000683s ]
INFO: [ view_parse ] --START--
INFO: [ template_filter ] --START--
INFO: Run Behavior\ContentReplaceBehavior [ RunTime:0.000094s ]
INFO: [ template_filter ] --END-- [ RunTime:0.000186s ]
INFO: Run Behavior\ParseTemplateBehavior [ RunTime:0.016283s ]
INFO: [ view_parse ] --END-- [ RunTime:0.016376s ]
INFO: [ view_filter ] --START--
INFO: Run Behavior\WriteHtmlCacheBehavior [ RunTime:0.000434s ]
INFO: [ view_filter ] --END-- [ RunTime:0.000521s ]
INFO: [ app_end ] --START--
INFO: Run Behavior\ShowPageTraceBehavior [ RunTime:0.000627s ]
INFO: [ app_end ] --END-- [ RunTime:0.000694s ]

[ 2017-03-22T06:49:29+08:00 ] 123.151.153.35 /wechat/index.php/Pub/Suggest/beforeHigh?bloodGlu=6.9&time=2017-03-22%2006:41:23
INFO: [ app_init ] --START--
INFO: Run Behavior\BuildLiteBehavior [ RunTime:0.000023s ]
INFO: [ app_init ] --END-- [ RunTime:0.000582s ]
INFO: [ app_begin ] --START--
INFO: Run Behavior\ReadHtmlCacheBehavior [ RunTime:0.000679s ]
INFO: [ app_begin ] --END-- [ RunTime:0.000758s ]
NOTIC: [2048] Declaration of Pub\Controller\SuggestController::show() should be compatible with Think\Controller::show($content, $charset = '', $contentType = '', $prefix = '') D:\wwwroot\test_ykzp_com\wechat\Application\Pub\Controller\SuggestController.class.php 第 111 行.
INFO: [ view_parse ] --START--
INFO: [ template_filter ] --START--
INFO: Run Behavior\ContentReplaceBehavior [ RunTime:0.000102s ]
INFO: [ template_filter ] --END-- [ RunTime:0.000187s ]
INFO: Run Behavior\ParseTemplateBehavior [ RunTime:0.019493s ]
INFO: [ view_parse ] --END-- [ RunTime:0.019575s ]
INFO: [ view_filter ] --START--
INFO: Run Behavior\WriteHtmlCacheBehavior [ RunTime:0.000406s ]
INFO: [ view_filter ] --END-- [ RunTime:0.000486s ]
INFO: [ app_end ] --START--
INFO: Run Behavior\ShowPageTraceBehavior [ RunTime:0.000612s ]
INFO: [ app_end ] --END-- [ RunTime:0.000681s ]

[ 2017-03-22T06:49:29+08:00 ] 123.151.153.35 /wechat/index.php/Pub/Suggest/beforeHigh?bloodGlu=6.9&time=2017-03-22%2006:41:23
INFO: [ app_init ] --START--
INFO: Run Behavior\BuildLiteBehavior [ RunTime:0.000022s ]
INFO: [ app_init ] --END-- [ RunTime:0.000408s ]
INFO: [ app_begin ] --START--
INFO: Run Behavior\ReadHtmlCacheBehavior [ RunTime:0.000507s ]
INFO: [ app_begin ] --END-- [ RunTime:0.000583s ]
NOTIC: [2048] Declaration of Pub\Controller\SuggestController::show() should be compatible with Think\Controller::show($content, $charset = '', $contentType = '', $prefix = '') D:\wwwroot\test_ykzp_com\wechat\Application\Pub\Controller\SuggestController.class.php 第 111 行.
INFO: [ view_parse ] --START--
INFO: [ template_filter ] --START--
INFO: Run Behavior\ContentReplaceBehavior [ RunTime:0.000085s ]
INFO: [ template_filter ] --END-- [ RunTime:0.000154s ]
INFO: Run Behavior\ParseTemplateBehavior [ RunTime:0.008845s ]
INFO: [ view_parse ] --END-- [ RunTime:0.008926s ]
INFO: [ view_filter ] --START--
INFO: Run Behavior\WriteHtmlCacheBehavior [ RunTime:0.000255s ]
INFO: [ view_filter ] --END-- [ RunTime:0.000320s ]
INFO: [ app_end ] --START--
INFO: Run Behavior\ShowPageTraceBehavior [ RunTime:0.000544s ]
INFO: [ app_end ] --END-- [ RunTime:0.000618s ]

[ 2017-03-22T06:49:36+08:00 ] 101.226.51.226 /wechat/index.php/Pub/Suggest/beforeHigh?bloodGlu=6.9&time=2017-03-2206:41:23
INFO: [ app_init ] --START--
INFO: Run Behavior\BuildLiteBehavior [ RunTime:0.000023s ]
INFO: [ app_init ] --END-- [ RunTime:0.000438s ]
INFO: [ app_begin ] --START--
INFO: Run Behavior\ReadHtmlCacheBehavior [ RunTime:0.000512s ]
INFO: [ app_begin ] --END-- [ RunTime:0.000592s ]
NOTIC: [2048] Declaration of Pub\Controller\SuggestController::show() should be compatible with Think\Controller::show($content, $charset = '', $contentType = '', $prefix = '') D:\wwwroot\test_ykzp_com\wechat\Application\Pub\Controller\SuggestController.class.php 第 111 行.
INFO: [ view_parse ] --START--
INFO: [ template_filter ] --START--
INFO: Run Behavior\ContentReplaceBehavior [ RunTime:0.000092s ]
INFO: [ template_filter ] --END-- [ RunTime:0.000173s ]
INFO: Run Behavior\ParseTemplateBehavior [ RunTime:0.009755s ]
INFO: [ view_parse ] --END-- [ RunTime:0.009861s ]
INFO: [ view_filter ] --START--
INFO: Run Behavior\WriteHtmlCacheBehavior [ RunTime:0.000270s ]
INFO: [ view_filter ] --END-- [ RunTime:0.000335s ]
INFO: [ app_end ] --START--
INFO: Run Behavior\ShowPageTraceBehavior [ RunTime:0.000514s ]
INFO: [ app_end ] --END-- [ RunTime:0.000586s ]

[ 2017-03-22T07:08:15+08:00 ] 101.226.125.103 /wechat/index.php/Pub/Index/index?openid%253Do4qGOwBLMMLXXrNQ7JJsBm9vnO28
INFO: [ app_init ] --START--
INFO: Run Behavior\BuildLiteBehavior [ RunTime:0.000022s ]
INFO: [ app_init ] --END-- [ RunTime:0.000412s ]
INFO: [ app_begin ] --START--
INFO: Run Behavior\ReadHtmlCacheBehavior [ RunTime:0.000520s ]
INFO: [ app_begin ] --END-- [ RunTime:0.000596s ]
SQL: SELECT * FROM `yk_user` WHERE `openid` = '' LIMIT 1   [ RunTime:0.0005s ]

[ 2017-03-22T07:08:15+08:00 ] 101.226.125.103 /wechat/index.php/Pub/Index/err.html
INFO: [ app_init ] --START--
INFO: Run Behavior\BuildLiteBehavior [ RunTime:0.000024s ]
INFO: [ app_init ] --END-- [ RunTime:0.000423s ]
INFO: [ app_begin ] --START--
INFO: Run Behavior\ReadHtmlCacheBehavior [ RunTime:0.000520s ]
INFO: [ app_begin ] --END-- [ RunTime:0.000599s ]
INFO: [ view_parse ] --START--
INFO: [ template_filter ] --START--
INFO: Run Behavior\ContentReplaceBehavior [ RunTime:0.000076s ]
INFO: [ template_filter ] --END-- [ RunTime:0.000161s ]
INFO: Run Behavior\ParseTemplateBehavior [ RunTime:0.016686s ]
INFO: [ view_parse ] --END-- [ RunTime:0.016778s ]
INFO: [ view_filter ] --START--
INFO: Run Behavior\WriteHtmlCacheBehavior [ RunTime:0.000500s ]
INFO: [ view_filter ] --END-- [ RunTime:0.000588s ]
INFO: [ app_end ] --START--
INFO: Run Behavior\ShowPageTraceBehavior [ RunTime:0.000543s ]
INFO: [ app_end ] --END-- [ RunTime:0.000609s ]

[ 2017-03-22T07:18:06+08:00 ] 61.148.243.97 /wechat/index.php/Pub/Index/myhome?openid=o4qGOwOce3cCmNr4qOKGIid1Cb2I&headimgurl=http://wx.qlogo.cn/mmopen/66le6dqUInN2vr5tf0vOLTnNAlFISnvg2HvTIIT7LRXEsvcnc3fPLN5DEvomAPT0afmFiaaEa0TCuTicKq88nS4u59MiagI11R5/0
INFO: [ app_init ] --START--
INFO: Run Behavior\BuildLiteBehavior [ RunTime:0.000022s ]
INFO: [ app_init ] --END-- [ RunTime:0.000416s ]
INFO: [ app_begin ] --START--
INFO: Run Behavior\ReadHtmlCacheBehavior [ RunTime:0.000511s ]
INFO: [ app_begin ] --END-- [ RunTime:0.000590s ]
SQL: SELECT * FROM `yk_register` WHERE `openid` = 'o4qGOwOce3cCmNr4qOKGIid1Cb2I'  [ RunTime:0.0009s ]
INFO: [ view_parse ] --START--
INFO: [ template_filter ] --START--
INFO: Run Behavior\ContentReplaceBehavior [ RunTime:0.000082s ]
INFO: [ template_filter ] --END-- [ RunTime:0.000162s ]
INFO: Run Behavior\ParseTemplateBehavior [ RunTime:0.009941s ]
INFO: [ view_parse ] --END-- [ RunTime:0.010047s ]
INFO: [ view_filter ] --START--
INFO: Run Behavior\WriteHtmlCacheBehavior [ RunTime:0.000601s ]
INFO: [ view_filter ] --END-- [ RunTime:0.000676s ]
INFO: [ app_end ] --START--
INFO: Run Behavior\ShowPageTraceBehavior [ RunTime:0.000626s ]
INFO: [ app_end ] --END-- [ RunTime:0.000703s ]

[ 2017-03-22T08:15:56+08:00 ] 123.151.176.198 /wechat/index.php/Pub/Suggest/beforeHighSerious?bloodGlu=8.5&time=2017-03-22%2006:58:44
INFO: [ app_init ] --START--
INFO: Run Behavior\BuildLiteBehavior [ RunTime:0.000023s ]
INFO: [ app_init ] --END-- [ RunTime:0.000490s ]
INFO: [ app_begin ] --START--
INFO: Run Behavior\ReadHtmlCacheBehavior [ RunTime:0.000653s ]
INFO: [ app_begin ] --END-- [ RunTime:0.000732s ]
NOTIC: [2048] Declaration of Pub\Controller\SuggestController::show() should be compatible with Think\Controller::show($content, $charset = '', $contentType = '', $prefix = '') D:\wwwroot\test_ykzp_com\wechat\Application\Pub\Controller\SuggestController.class.php 第 111 行.
INFO: [ view_parse ] --START--
INFO: [ template_filter ] --START--
INFO: Run Behavior\ContentReplaceBehavior [ RunTime:0.000113s ]
INFO: [ template_filter ] --END-- [ RunTime:0.000202s ]
INFO: Run Behavior\ParseTemplateBehavior [ RunTime:0.019484s ]
INFO: [ view_parse ] --END-- [ RunTime:0.019592s ]
INFO: [ view_filter ] --START--
INFO: Run Behavior\WriteHtmlCacheBehavior [ RunTime:0.000378s ]
INFO: [ view_filter ] --END-- [ RunTime:0.000443s ]
INFO: [ app_end ] --START--
INFO: Run Behavior\ShowPageTraceBehavior [ RunTime:0.000603s ]
INFO: [ app_end ] --END-- [ RunTime:0.000673s ]

[ 2017-03-22T08:16:05+08:00 ] 180.153.206.22 /wechat/index.php/Pub/Suggest/beforeHighSerious?bloodGlu=8.5&time=2017-03-22%2006:58:44
INFO: [ app_init ] --START--
INFO: Run Behavior\BuildLiteBehavior [ RunTime:0.000022s ]
INFO: [ app_init ] --END-- [ RunTime:0.000409s ]
INFO: [ app_begin ] --START--
INFO: Run Behavior\ReadHtmlCacheBehavior [ RunTime:0.000509s ]
INFO: [ app_begin ] --END-- [ RunTime:0.000656s ]
NOTIC: [2048] Declaration of Pub\Controller\SuggestController::show() should be compatible with Think\Controller::show($content, $charset = '', $contentType = '', $prefix = '') D:\wwwroot\test_ykzp_com\wechat\Application\Pub\Controller\SuggestController.class.php 第 111 行.
INFO: [ view_parse ] --START--
INFO: [ template_filter ] --START--
INFO: Run Behavior\ContentReplaceBehavior [ RunTime:0.000087s ]
INFO: [ template_filter ] --END-- [ RunTime:0.000159s ]
INFO: Run Behavior\ParseTemplateBehavior [ RunTime:0.009297s ]
INFO: [ view_parse ] --END-- [ RunTime:0.009375s ]
INFO: [ view_filter ] --START--
INFO: Run Behavior\WriteHtmlCacheBehavior [ RunTime:0.000258s ]
INFO: [ view_filter ] --END-- [ RunTime:0.000324s ]
INFO: [ app_end ] --START--
INFO: Run Behavior\ShowPageTraceBehavior [ RunTime:0.000497s ]
INFO: [ app_end ] --END-- [ RunTime:0.000565s ]

[ 2017-03-22T08:26:53+08:00 ] 111.161.57.31 /wechat/index.php/Pub/Suggest/afterHightSerious?bloodGlu=17.5&time=2017-03-21%2016:01:43
INFO: [ app_init ] --START--
INFO: Run Behavior\BuildLiteBehavior [ RunTime:0.000022s ]
INFO: [ app_init ] --END-- [ RunTime:0.000496s ]
INFO: [ app_begin ] --START--
INFO: Run Behavior\ReadHtmlCacheBehavior [ RunTime:0.000658s ]
INFO: [ app_begin ] --END-- [ RunTime:0.000755s ]
NOTIC: [2048] Declaration of Pub\Controller\SuggestController::show() should be compatible with Think\Controller::show($content, $charset = '', $contentType = '', $prefix = '') D:\wwwroot\test_ykzp_com\wechat\Application\Pub\Controller\SuggestController.class.php 第 111 行.
INFO: [ view_parse ] --START--
INFO: [ template_filter ] --START--
INFO: Run Behavior\ContentReplaceBehavior [ RunTime:0.000128s ]
INFO: [ template_filter ] --END-- [ RunTime:0.000211s ]
INFO: Run Behavior\ParseTemplateBehavior [ RunTime:0.020678s ]
INFO: [ view_parse ] --END-- [ RunTime:0.020754s ]
INFO: [ view_filter ] --START--
INFO: Run Behavior\WriteHtmlCacheBehavior [ RunTime:0.000372s ]
INFO: [ view_filter ] --END-- [ RunTime:0.000447s ]
INFO: [ app_end ] --START--
INFO: Run Behavior\ShowPageTraceBehavior [ RunTime:0.000609s ]
INFO: [ app_end ] --END-- [ RunTime:0.000677s ]

[ 2017-03-22T08:26:59+08:00 ] 111.161.57.31 /wechat/index.php/Pub/Suggest/afterHightSerious?bloodGlu=15.8&time=2017-03-21%2014:08:13
INFO: [ app_init ] --START--
INFO: Run Behavior\BuildLiteBehavior [ RunTime:0.000037s ]
INFO: [ app_init ] --END-- [ RunTime:0.000621s ]
INFO: [ app_begin ] --START--
INFO: Run Behavior\ReadHtmlCacheBehavior [ RunTime:0.000520s ]
INFO: [ app_begin ] --END-- [ RunTime:0.000597s ]
NOTIC: [2048] Declaration of Pub\Controller\SuggestController::show() should be compatible with Think\Controller::show($content, $charset = '', $contentType = '', $prefix = '') D:\wwwroot\test_ykzp_com\wechat\Application\Pub\Controller\SuggestController.class.php 第 111 行.
INFO: [ view_parse ] --START--
INFO: [ template_filter ] --START--
INFO: Run Behavior\ContentReplaceBehavior [ RunTime:0.000109s ]
INFO: [ template_filter ] --END-- [ RunTime:0.000183s ]
INFO: Run Behavior\ParseTemplateBehavior [ RunTime:0.010166s ]
INFO: [ view_parse ] --END-- [ RunTime:0.010250s ]
INFO: [ view_filter ] --START--
INFO: Run Behavior\WriteHtmlCacheBehavior [ RunTime:0.000264s ]
INFO: [ view_filter ] --END-- [ RunTime:0.000327s ]
INFO: [ app_end ] --START--
INFO: Run Behavior\ShowPageTraceBehavior [ RunTime:0.000507s ]
INFO: [ app_end ] --END-- [ RunTime:0.000575s ]

[ 2017-03-22T08:58:01+08:00 ] 123.151.64.142 /wechat/index.php/Pub/Index/index?openid=o4qGOwElNomkwBdT2bwBZEd8PzQU
INFO: [ app_init ] --START--
INFO: Run Behavior\BuildLiteBehavior [ RunTime:0.000022s ]
INFO: [ app_init ] --END-- [ RunTime:0.000414s ]
INFO: [ app_begin ] --START--
INFO: Run Behavior\ReadHtmlCacheBehavior [ RunTime:0.000520s ]
INFO: [ app_begin ] --END-- [ RunTime:0.000599s ]
SQL: SELECT * FROM `yk_user` WHERE `openid` = 'o4qGOwElNomkwBdT2bwBZEd8PzQU' LIMIT 1   [ RunTime:0.0006s ]
SQL: SELECT * FROM `yk_test` WHERE ( devid=100811116 ) ORDER BY time DESC LIMIT 1   [ RunTime:0.0023s ]
SQL: SELECT MAX(bloodGlu) AS tp_max FROM `yk_test` WHERE `devid` = 100811116 AND `bgState` = 2 LIMIT 1   [ RunTime:0.0014s ]
SQL: SELECT MIN(bloodGlu) AS tp_min FROM `yk_test` WHERE `devid` = 100811116 AND `bgState` = 2 LIMIT 1   [ RunTime:0.0014s ]
SQL: SELECT AVG(bloodGlu) AS tp_avg FROM `yk_test` WHERE `devid` = 100811116 AND `bgState` = 2 LIMIT 1   [ RunTime:0.0014s ]
SQL: SELECT MAX(bloodGlu) AS tp_max FROM `yk_test` WHERE `devid` = 100811116 AND `bgState` = 1 LIMIT 1   [ RunTime:0.0013s ]
SQL: SELECT MIN(bloodGlu) AS tp_min FROM `yk_test` WHERE `devid` = 100811116 AND `bgState` = 1 LIMIT 1   [ RunTime:0.0013s ]
SQL: SELECT AVG(bloodGlu) AS tp_avg FROM `yk_test` WHERE `devid` = 100811116 AND `bgState` = 1 LIMIT 1   [ RunTime:0.0013s ]
INFO: [ view_parse ] --START--
INFO: [ template_filter ] --START--
INFO: Run Behavior\ContentReplaceBehavior [ RunTime:0.000095s ]
INFO: [ template_filter ] --END-- [ RunTime:0.000181s ]
INFO: Run Behavior\ParseTemplateBehavior [ RunTime:0.020501s ]
INFO: [ view_parse ] --END-- [ RunTime:0.020587s ]
INFO: [ view_filter ] --START--
INFO: Run Behavior\WriteHtmlCacheBehavior [ RunTime:0.000470s ]
INFO: [ view_filter ] --END-- [ RunTime:0.000537s ]
INFO: [ app_end ] --START--
INFO: Run Behavior\ShowPageTraceBehavior [ RunTime:0.000525s ]
INFO: [ app_end ] --END-- [ RunTime:0.000593s ]

[ 2017-03-22T09:12:55+08:00 ] 111.161.57.31 /wechat/index.php/Pub/Suggest/afterNormal?bloodGlu=5.4&time=2017-03-22%2009:12:44
INFO: [ app_init ] --START--
INFO: Run Behavior\BuildLiteBehavior [ RunTime:0.000022s ]
INFO: [ app_init ] --END-- [ RunTime:0.000429s ]
INFO: [ app_begin ] --START--
INFO: Run Behavior\ReadHtmlCacheBehavior [ RunTime:0.000526s ]
INFO: [ app_begin ] --END-- [ RunTime:0.000605s ]
NOTIC: [2048] Declaration of Pub\Controller\SuggestController::show() should be compatible with Think\Controller::show($content, $charset = '', $contentType = '', $prefix = '') D:\wwwroot\test_ykzp_com\wechat\Application\Pub\Controller\SuggestController.class.php 第 111 行.
INFO: [ view_parse ] --START--
INFO: [ template_filter ] --START--
INFO: Run Behavior\ContentReplaceBehavior [ RunTime:0.000100s ]
INFO: [ template_filter ] --END-- [ RunTime:0.000186s ]
INFO: Run Behavior\ParseTemplateBehavior [ RunTime:0.018643s ]
INFO: [ view_parse ] --END-- [ RunTime:0.018759s ]
INFO: [ view_filter ] --START--
INFO: Run Behavior\WriteHtmlCacheBehavior [ RunTime:0.000493s ]
INFO: [ view_filter ] --END-- [ RunTime:0.000576s ]
INFO: [ app_end ] --START--
INFO: Run Behavior\ShowPageTraceBehavior [ RunTime:0.000517s ]
INFO: [ app_end ] --END-- [ RunTime:0.000589s ]

[ 2017-03-22T09:13:00+08:00 ] 111.161.57.31 /wechat/index.php/Pub/Suggest/afterNormal?bloodGlu=5.4&time=2017-03-22%2009:12:44
INFO: [ app_init ] --START--
INFO: Run Behavior\BuildLiteBehavior [ RunTime:0.000024s ]
INFO: [ app_init ] --END-- [ RunTime:0.000424s ]
INFO: [ app_begin ] --START--
INFO: Run Behavior\ReadHtmlCacheBehavior [ RunTime:0.000515s ]
INFO: [ app_begin ] --END-- [ RunTime:0.000594s ]
NOTIC: [2048] Declaration of Pub\Controller\SuggestController::show() should be compatible with Think\Controller::show($content, $charset = '', $contentType = '', $prefix = '') D:\wwwroot\test_ykzp_com\wechat\Application\Pub\Controller\SuggestController.class.php 第 111 行.
INFO: [ view_parse ] --START--
INFO: [ template_filter ] --START--
INFO: Run Behavior\ContentReplaceBehavior [ RunTime:0.000085s ]
INFO: [ template_filter ] --END-- [ RunTime:0.000159s ]
INFO: Run Behavior\ParseTemplateBehavior [ RunTime:0.008637s ]
INFO: [ view_parse ] --END-- [ RunTime:0.008715s ]
INFO: [ view_filter ] --START--
INFO: Run Behavior\WriteHtmlCacheBehavior [ RunTime:0.000254s ]
INFO: [ view_filter ] --END-- [ RunTime:0.000315s ]
INFO: [ app_end ] --START--
INFO: Run Behavior\ShowPageTraceBehavior [ RunTime:0.000500s ]
INFO: [ app_end ] --END-- [ RunTime:0.000568s ]

[ 2017-03-22T09:13:14+08:00 ] 180.153.201.66 /wechat/index.php/Pub/Suggest/afterNormal?bloodGlu=5.4&time=2017-03-22%2009:12:44
INFO: [ app_init ] --START--
INFO: Run Behavior\BuildLiteBehavior [ RunTime:0.000025s ]
INFO: [ app_init ] --END-- [ RunTime:0.000417s ]
INFO: [ app_begin ] --START--
INFO: Run Behavior\ReadHtmlCacheBehavior [ RunTime:0.000505s ]
INFO: [ app_begin ] --END-- [ RunTime:0.000583s ]
NOTIC: [2048] Declaration of Pub\Controller\SuggestController::show() should be compatible with Think\Controller::show($content, $charset = '', $contentType = '', $prefix = '') D:\wwwroot\test_ykzp_com\wechat\Application\Pub\Controller\SuggestController.class.php 第 111 行.
INFO: [ view_parse ] --START--
INFO: [ template_filter ] --START--
INFO: Run Behavior\ContentReplaceBehavior [ RunTime:0.000093s ]
INFO: [ template_filter ] --END-- [ RunTime:0.000183s ]
INFO: Run Behavior\ParseTemplateBehavior [ RunTime:0.009194s ]
INFO: [ view_parse ] --END-- [ RunTime:0.009278s ]
INFO: [ view_filter ] --START--
INFO: Run Behavior\WriteHtmlCacheBehavior [ RunTime:0.000260s ]
INFO: [ view_filter ] --END-- [ RunTime:0.000322s ]
INFO: [ app_end ] --START--
INFO: Run Behavior\ShowPageTraceBehavior [ RunTime:0.000504s ]
INFO: [ app_end ] --END-- [ RunTime:0.000578s ]

[ 2017-03-22T09:15:59+08:00 ] 106.120.38.60 /wechat/index.php/Pub/Index/index?openid=o4qGOwB9JQZ9U_EVZjRQ8q3QRJ3s
INFO: [ app_init ] --START--
INFO: Run Behavior\BuildLiteBehavior [ RunTime:0.000023s ]
INFO: [ app_init ] --END-- [ RunTime:0.000413s ]
INFO: [ app_begin ] --START--
INFO: Run Behavior\ReadHtmlCacheBehavior [ RunTime:0.000521s ]
INFO: [ app_begin ] --END-- [ RunTime:0.000624s ]
SQL: SELECT * FROM `yk_user` WHERE `openid` = 'o4qGOwB9JQZ9U_EVZjRQ8q3QRJ3s' LIMIT 1   [ RunTime:0.0006s ]
SQL: SELECT * FROM `yk_test` WHERE ( devid=100811088 ) ORDER BY time DESC LIMIT 1   [ RunTime:0.0034s ]
SQL: SELECT MAX(bloodGlu) AS tp_max FROM `yk_test` WHERE `devid` = 100811088 AND `bgState` = 2 LIMIT 1   [ RunTime:0.0022s ]
SQL: SELECT MIN(bloodGlu) AS tp_min FROM `yk_test` WHERE `devid` = 100811088 AND `bgState` = 2 LIMIT 1   [ RunTime:0.0021s ]
SQL: SELECT AVG(bloodGlu) AS tp_avg FROM `yk_test` WHERE `devid` = 100811088 AND `bgState` = 2 LIMIT 1   [ RunTime:0.0015s ]
SQL: SELECT MAX(bloodGlu) AS tp_max FROM `yk_test` WHERE `devid` = 100811088 AND `bgState` = 1 LIMIT 1   [ RunTime:0.0014s ]
SQL: SELECT MIN(bloodGlu) AS tp_min FROM `yk_test` WHERE `devid` = 100811088 AND `bgState` = 1 LIMIT 1   [ RunTime:0.0016s ]
SQL: SELECT AVG(bloodGlu) AS tp_avg FROM `yk_test` WHERE `devid` = 100811088 AND `bgState` = 1 LIMIT 1   [ RunTime:0.0015s ]
INFO: [ view_parse ] --START--
INFO: [ template_filter ] --START--
INFO: Run Behavior\ContentReplaceBehavior [ RunTime:0.000087s ]
INFO: [ template_filter ] --END-- [ RunTime:0.000176s ]
INFO: Run Behavior\ParseTemplateBehavior [ RunTime:0.012320s ]
INFO: [ view_parse ] --END-- [ RunTime:0.012424s ]
INFO: [ view_filter ] --START--
INFO: Run Behavior\WriteHtmlCacheBehavior [ RunTime:0.000382s ]
INFO: [ view_filter ] --END-- [ RunTime:0.000444s ]
INFO: [ app_end ] --START--
INFO: Run Behavior\ShowPageTraceBehavior [ RunTime:0.000508s ]
INFO: [ app_end ] --END-- [ RunTime:0.000576s ]

[ 2017-03-22T09:23:34+08:00 ] 123.151.64.142 /wechat/index.php/Pub/Suggest/beforeHighSerious?bloodGlu=7.0&time=2017-03-21%2007:04:12
INFO: [ app_init ] --START--
INFO: Run Behavior\BuildLiteBehavior [ RunTime:0.000023s ]
INFO: [ app_init ] --END-- [ RunTime:0.000429s ]
INFO: [ app_begin ] --START--
INFO: Run Behavior\ReadHtmlCacheBehavior [ RunTime:0.000513s ]
INFO: [ app_begin ] --END-- [ RunTime:0.000602s ]
NOTIC: [2048] Declaration of Pub\Controller\SuggestController::show() should be compatible with Think\Controller::show($content, $charset = '', $contentType = '', $prefix = '') D:\wwwroot\test_ykzp_com\wechat\Application\Pub\Controller\SuggestController.class.php 第 111 行.
INFO: [ view_parse ] --START--
INFO: [ template_filter ] --START--
INFO: Run Behavior\ContentReplaceBehavior [ RunTime:0.000089s ]
INFO: [ template_filter ] --END-- [ RunTime:0.000163s ]
INFO: Run Behavior\ParseTemplateBehavior [ RunTime:0.009959s ]
INFO: [ view_parse ] --END-- [ RunTime:0.010036s ]
INFO: [ view_filter ] --START--
INFO: Run Behavior\WriteHtmlCacheBehavior [ RunTime:0.000364s ]
INFO: [ view_filter ] --END-- [ RunTime:0.000426s ]
INFO: [ app_end ] --START--
INFO: Run Behavior\ShowPageTraceBehavior [ RunTime:0.000501s ]
INFO: [ app_end ] --END-- [ RunTime:0.000571s ]

[ 2017-03-22T09:30:05+08:00 ] 210.14.158.117 /wechat/index.php/Pub/Index/index?openid=o4qGOwFGvpJ89pstkfJKj1Du7HHc
INFO: [ app_init ] --START--
INFO: Run Behavior\BuildLiteBehavior [ RunTime:0.000024s ]
INFO: [ app_init ] --END-- [ RunTime:0.000455s ]
INFO: [ app_begin ] --START--
INFO: Run Behavior\ReadHtmlCacheBehavior [ RunTime:0.000580s ]
INFO: [ app_begin ] --END-- [ RunTime:0.000676s ]
SQL: SELECT * FROM `yk_user` WHERE `openid` = 'o4qGOwFGvpJ89pstkfJKj1Du7HHc' LIMIT 1   [ RunTime:0.0005s ]
SQL: SELECT * FROM `yk_test` WHERE ( devid=100810782 ) ORDER BY time DESC LIMIT 1   [ RunTime:0.0022s ]
SQL: SELECT MAX(bloodGlu) AS tp_max FROM `yk_test` WHERE `devid` = 100810782 AND `bgState` = 2 LIMIT 1   [ RunTime:0.0014s ]
SQL: SELECT MIN(bloodGlu) AS tp_min FROM `yk_test` WHERE `devid` = 100810782 AND `bgState` = 2 LIMIT 1   [ RunTime:0.0013s ]
SQL: SELECT AVG(bloodGlu) AS tp_avg FROM `yk_test` WHERE `devid` = 100810782 AND `bgState` = 2 LIMIT 1   [ RunTime:0.0014s ]
SQL: SELECT MAX(bloodGlu) AS tp_max FROM `yk_test` WHERE `devid` = 100810782 AND `bgState` = 1 LIMIT 1   [ RunTime:0.0013s ]
SQL: SELECT MIN(bloodGlu) AS tp_min FROM `yk_test` WHERE `devid` = 100810782 AND `bgState` = 1 LIMIT 1   [ RunTime:0.0013s ]
SQL: SELECT AVG(bloodGlu) AS tp_avg FROM `yk_test` WHERE `devid` = 100810782 AND `bgState` = 1 LIMIT 1   [ RunTime:0.0013s ]
INFO: [ view_parse ] --START--
INFO: [ template_filter ] --START--
INFO: Run Behavior\ContentReplaceBehavior [ RunTime:0.000083s ]
INFO: [ template_filter ] --END-- [ RunTime:0.000155s ]
INFO: Run Behavior\ParseTemplateBehavior [ RunTime:0.010979s ]
INFO: [ view_parse ] --END-- [ RunTime:0.011058s ]
INFO: [ view_filter ] --START--
INFO: Run Behavior\WriteHtmlCacheBehavior [ RunTime:0.000358s ]
INFO: [ view_filter ] --END-- [ RunTime:0.000421s ]
INFO: [ app_end ] --START--
INFO: Run Behavior\ShowPageTraceBehavior [ RunTime:0.000512s ]
INFO: [ app_end ] --END-- [ RunTime:0.000580s ]

[ 2017-03-22T09:30:07+08:00 ] 210.14.158.117 /wechat/index.php/Pub/index/cartogram/openid/o4qGOwFGvpJ89pstkfJKj1Du7HHc.html
INFO: [ app_init ] --START--
INFO: Run Behavior\BuildLiteBehavior [ RunTime:0.000022s ]
INFO: [ app_init ] --END-- [ RunTime:0.000458s ]
INFO: [ app_begin ] --START--
INFO: Run Behavior\ReadHtmlCacheBehavior [ RunTime:0.000553s ]
INFO: [ app_begin ] --END-- [ RunTime:0.000633s ]
SQL: SELECT * FROM `yk_user` WHERE `openid` = 'o4qGOwFGvpJ89pstkfJKj1Du7HHc' LIMIT 1   [ RunTime:0.0005s ]
SQL: SELECT * FROM `yk_test` WHERE `devid` = 100810782 AND ( `testTime` > '2017-03-22 00:00:00' AND `testTime` < '2017-03-22 23:59:59'  ) AND `bgState` = 2  [ RunTime:0.0023s ]
SQL: SELECT * FROM `yk_test` WHERE `devid` = 100810782 AND ( `testTime` > '2017-03-22 00:00:00' AND `testTime` < '2017-03-22 23:59:59'  ) AND `bgState` = 1  [ RunTime:0.0021s ]
NOTIC: [8] Undefined variable: dtimearr1 D:\wwwroot\test_ykzp_com\wechat\Application\Pub\Controller\IndexController.class.php 第 377 行.
SQL: SELECT * FROM `yk_test` WHERE ( `testTime` > '2017-03-01' AND `testTime` < '2017-03-31'  ) AND `devid` = 100810782 AND `bgState` = 2  [ RunTime:0.0021s ]
SQL: SELECT MAX(bloodGlu) AS tp_max FROM `yk_test` WHERE ( `testTime` > '2017-03-01' AND `testTime` < '2017-03-31'  ) AND `devid` = 100810782 AND `bgState` = 2 LIMIT 1   [ RunTime:0.0016s ]
SQL: SELECT MIN(bloodGlu) AS tp_min FROM `yk_test` WHERE ( `testTime` > '2017-03-01' AND `testTime` < '2017-03-31'  ) AND `devid` = 100810782 AND `bgState` = 2 LIMIT 1   [ RunTime:0.0014s ]
SQL: SELECT AVG(bloodGlu) AS tp_avg FROM `yk_test` WHERE ( `testTime` > '2017-03-01' AND `testTime` < '2017-03-31'  ) AND `devid` = 100810782 AND `bgState` = 2 LIMIT 1   [ RunTime:0.0015s ]
SQL: SELECT * FROM `yk_test` WHERE ( `testTime` > '2017-03-01' AND `testTime` < '2017-03-31'  ) AND `devid` = 100810782 AND `bgState` = 1  [ RunTime:0.0020s ]
SQL: SELECT MAX(bloodGlu) AS tp_max FROM `yk_test` WHERE ( `testTime` > '2017-03-01' AND `testTime` < '2017-03-31'  ) AND `devid` = 100810782 AND `bgState` = 1 LIMIT 1   [ RunTime:0.0016s ]
SQL: SELECT MIN(bloodGlu) AS tp_min FROM `yk_test` WHERE ( `testTime` > '2017-03-01' AND `testTime` < '2017-03-31'  ) AND `devid` = 100810782 AND `bgState` = 1 LIMIT 1   [ RunTime:0.0014s ]
SQL: SELECT AVG(bloodGlu) AS tp_avg FROM `yk_test` WHERE ( `testTime` > '2017-03-01' AND `testTime` < '2017-03-31'  ) AND `devid` = 100810782 AND `bgState` = 1 LIMIT 1   [ RunTime:0.0014s ]
SQL: SELECT * FROM `yk_test` WHERE ( `testTime` > '2017-03-16' AND `testTime` < '2017-03-22 09:30:07'  ) AND `devid` = 100810782  [ RunTime:0.0021s ]
SQL: SELECT * FROM `yk_test` WHERE ( `testTime` > '2017-01-01' AND `testTime` < '2017-03-22 09:30:07'  ) AND `devid` = 100810782 AND `bgState` = 2  [ RunTime:0.0022s ]
SQL: SELECT * FROM `yk_test` WHERE ( `testTime` > '2017-01-01' AND `testTime` < '2017-03-22 09:30:07'  ) AND `devid` = 100810782 AND `bgState` = 1  [ RunTime:0.0021s ]
INFO: [ view_parse ] --START--
INFO: [ template_filter ] --START--
INFO: Run Behavior\ContentReplaceBehavior [ RunTime:0.000122s ]
INFO: [ template_filter ] --END-- [ RunTime:0.000196s ]
INFO: Run Behavior\ParseTemplateBehavior [ RunTime:0.011279s ]
INFO: [ view_parse ] --END-- [ RunTime:0.011385s ]
INFO: [ view_filter ] --START--
INFO: Run Behavior\WriteHtmlCacheBehavior [ RunTime:0.000255s ]
INFO: [ view_filter ] --END-- [ RunTime:0.000320s ]
INFO: [ app_end ] --START--
INFO: Run Behavior\ShowPageTraceBehavior [ RunTime:0.000500s ]
INFO: [ app_end ] --END-- [ RunTime:0.000574s ]

[ 2017-03-22T09:37:24+08:00 ] 123.151.139.145 /wechat/index.php/Pub/Suggest/beforeHighSerious?bloodGlu=8.5&time=2017-03-22%2009:37:04
INFO: [ app_init ] --START--
INFO: Run Behavior\BuildLiteBehavior [ RunTime:0.000026s ]
INFO: [ app_init ] --END-- [ RunTime:0.000493s ]
INFO: [ app_begin ] --START--
INFO: Run Behavior\ReadHtmlCacheBehavior [ RunTime:0.000634s ]
INFO: [ app_begin ] --END-- [ RunTime:0.000729s ]
NOTIC: [2048] Declaration of Pub\Controller\SuggestController::show() should be compatible with Think\Controller::show($content, $charset = '', $contentType = '', $prefix = '') D:\wwwroot\test_ykzp_com\wechat\Application\Pub\Controller\SuggestController.class.php 第 111 行.
INFO: [ view_parse ] --START--
INFO: [ template_filter ] --START--
INFO: Run Behavior\ContentReplaceBehavior [ RunTime:0.000108s ]
INFO: [ template_filter ] --END-- [ RunTime:0.000195s ]
INFO: Run Behavior\ParseTemplateBehavior [ RunTime:0.018817s ]
INFO: [ view_parse ] --END-- [ RunTime:0.018912s ]
INFO: [ view_filter ] --START--
INFO: Run Behavior\WriteHtmlCacheBehavior [ RunTime:0.000423s ]
INFO: [ view_filter ] --END-- [ RunTime:0.000508s ]
INFO: [ app_end ] --START--
INFO: Run Behavior\ShowPageTraceBehavior [ RunTime:0.000512s ]
INFO: [ app_end ] --END-- [ RunTime:0.000580s ]

