[ 2017-03-29T07:02:19+08:00 ] 123.151.42.46 /wechat/index.php/Pub/Suggest/beforeHighSerious?bloodGlu=7.4&time=2017-03-29%2006:59:23
INFO: [ app_init ] --START--
INFO: Run Behavior\BuildLiteBehavior [ RunTime:0.000026s ]
INFO: [ app_init ] --END-- [ RunTime:0.000488s ]
INFO: [ app_begin ] --START--
INFO: Run Behavior\ReadHtmlCacheBehavior [ RunTime:0.000657s ]
INFO: [ app_begin ] --END-- [ RunTime:0.000737s ]
NOTIC: [2048] Declaration of Pub\Controller\SuggestController::show() should be compatible with Think\Controller::show($content, $charset = '', $contentType = '', $prefix = '') D:\wwwroot\test_ykzp_com\wechat\Application\Pub\Controller\SuggestController.class.php 第 111 行.
INFO: [ view_parse ] --START--
INFO: [ template_filter ] --START--
INFO: Run Behavior\ContentReplaceBehavior [ RunTime:0.000095s ]
INFO: [ template_filter ] --END-- [ RunTime:0.000167s ]
INFO: Run Behavior\ParseTemplateBehavior [ RunTime:0.019135s ]
INFO: [ view_parse ] --END-- [ RunTime:0.019239s ]
INFO: [ view_filter ] --START--
INFO: Run Behavior\WriteHtmlCacheBehavior [ RunTime:0.000354s ]
INFO: [ view_filter ] --END-- [ RunTime:0.000425s ]
INFO: [ app_end ] --START--
INFO: Run Behavior\ShowPageTraceBehavior [ RunTime:0.000608s ]
INFO: [ app_end ] --END-- [ RunTime:0.000678s ]

[ 2017-03-29T07:57:01+08:00 ] 1.12.27.254 /wechat/index.php/Pub/Index/index?openid=o4qGOwNEo2BQunPbFRp8ONi5RJlg
INFO: [ app_init ] --START--
INFO: Run Behavior\BuildLiteBehavior [ RunTime:0.000022s ]
INFO: [ app_init ] --END-- [ RunTime:0.000411s ]
INFO: [ app_begin ] --START--
INFO: Run Behavior\ReadHtmlCacheBehavior [ RunTime:0.000568s ]
INFO: [ app_begin ] --END-- [ RunTime:0.000646s ]
SQL: SELECT * FROM `yk_user` WHERE `openid` = 'o4qGOwNEo2BQunPbFRp8ONi5RJlg' LIMIT 1   [ RunTime:0.0008s ]
SQL: SELECT * FROM `yk_test` WHERE ( devid=100811270 ) ORDER BY time DESC LIMIT 1   [ RunTime:0.0028s ]
SQL: SELECT MAX(bloodGlu) AS tp_max FROM `yk_test` WHERE `devid` = 100811270 AND `bgState` = 2 LIMIT 1   [ RunTime:0.0017s ]
SQL: SELECT MIN(bloodGlu) AS tp_min FROM `yk_test` WHERE `devid` = 100811270 AND `bgState` = 2 LIMIT 1   [ RunTime:0.0019s ]
SQL: SELECT AVG(bloodGlu) AS tp_avg FROM `yk_test` WHERE `devid` = 100811270 AND `bgState` = 2 LIMIT 1   [ RunTime:0.0017s ]
SQL: SELECT MAX(bloodGlu) AS tp_max FROM `yk_test` WHERE `devid` = 100811270 AND `bgState` = 1 LIMIT 1   [ RunTime:0.0017s ]
SQL: SELECT MIN(bloodGlu) AS tp_min FROM `yk_test` WHERE `devid` = 100811270 AND `bgState` = 1 LIMIT 1   [ RunTime:0.0016s ]
SQL: SELECT AVG(bloodGlu) AS tp_avg FROM `yk_test` WHERE `devid` = 100811270 AND `bgState` = 1 LIMIT 1   [ RunTime:0.0017s ]
INFO: [ view_parse ] --START--
INFO: [ template_filter ] --START--
INFO: Run Behavior\ContentReplaceBehavior [ RunTime:0.000097s ]
INFO: [ template_filter ] --END-- [ RunTime:0.000185s ]
INFO: Run Behavior\ParseTemplateBehavior [ RunTime:0.020316s ]
INFO: [ view_parse ] --END-- [ RunTime:0.020395s ]
INFO: [ view_filter ] --START--
INFO: Run Behavior\WriteHtmlCacheBehavior [ RunTime:0.000511s ]
INFO: [ view_filter ] --END-- [ RunTime:0.000575s ]
INFO: [ app_end ] --START--
INFO: Run Behavior\ShowPageTraceBehavior [ RunTime:0.000536s ]
INFO: [ app_end ] --END-- [ RunTime:0.000620s ]

[ 2017-03-29T08:15:50+08:00 ] 123.151.64.142 /wechat/index.php/Pub/Index/index?openid=o4qGOwEmM9AwIHdUOqLsGhI6Qo20
INFO: [ app_init ] --START--
INFO: Run Behavior\BuildLiteBehavior [ RunTime:0.000022s ]
INFO: [ app_init ] --END-- [ RunTime:0.000409s ]
INFO: [ app_begin ] --START--
INFO: Run Behavior\ReadHtmlCacheBehavior [ RunTime:0.000514s ]
INFO: [ app_begin ] --END-- [ RunTime:0.000590s ]
SQL: SELECT * FROM `yk_user` WHERE `openid` = 'o4qGOwEmM9AwIHdUOqLsGhI6Qo20' LIMIT 1   [ RunTime:0.0005s ]
SQL: SELECT * FROM `yk_test` WHERE ( devid=100811129 ) ORDER BY time DESC LIMIT 1   [ RunTime:0.0028s ]
SQL: SELECT MAX(bloodGlu) AS tp_max FROM `yk_test` WHERE `devid` = 100811129 AND `bgState` = 2 LIMIT 1   [ RunTime:0.0017s ]
SQL: SELECT MIN(bloodGlu) AS tp_min FROM `yk_test` WHERE `devid` = 100811129 AND `bgState` = 2 LIMIT 1   [ RunTime:0.0017s ]
SQL: SELECT AVG(bloodGlu) AS tp_avg FROM `yk_test` WHERE `devid` = 100811129 AND `bgState` = 2 LIMIT 1   [ RunTime:0.0017s ]
SQL: SELECT MAX(bloodGlu) AS tp_max FROM `yk_test` WHERE `devid` = 100811129 AND `bgState` = 1 LIMIT 1   [ RunTime:0.0016s ]
SQL: SELECT MIN(bloodGlu) AS tp_min FROM `yk_test` WHERE `devid` = 100811129 AND `bgState` = 1 LIMIT 1   [ RunTime:0.0016s ]
SQL: SELECT AVG(bloodGlu) AS tp_avg FROM `yk_test` WHERE `devid` = 100811129 AND `bgState` = 1 LIMIT 1   [ RunTime:0.0016s ]
INFO: [ view_parse ] --START--
INFO: [ template_filter ] --START--
INFO: Run Behavior\ContentReplaceBehavior [ RunTime:0.000119s ]
INFO: [ template_filter ] --END-- [ RunTime:0.000232s ]
INFO: Run Behavior\ParseTemplateBehavior [ RunTime:0.020918s ]
INFO: [ view_parse ] --END-- [ RunTime:0.020997s ]
INFO: [ view_filter ] --START--
INFO: Run Behavior\WriteHtmlCacheBehavior [ RunTime:0.000444s ]
INFO: [ view_filter ] --END-- [ RunTime:0.000507s ]
INFO: [ app_end ] --START--
INFO: Run Behavior\ShowPageTraceBehavior [ RunTime:0.000512s ]
INFO: [ app_end ] --END-- [ RunTime:0.000579s ]

[ 2017-03-29T08:51:08+08:00 ] 123.151.42.50 /wechat/index.php/Pub/Suggest/beforeHighSerious?bloodGlu=7.6&time=2017-03-29%2007:38:04
INFO: [ app_init ] --START--
INFO: Run Behavior\BuildLiteBehavior [ RunTime:0.000033s ]
INFO: [ app_init ] --END-- [ RunTime:0.000610s ]
INFO: [ app_begin ] --START--
INFO: Run Behavior\ReadHtmlCacheBehavior [ RunTime:0.000648s ]
INFO: [ app_begin ] --END-- [ RunTime:0.000740s ]
NOTIC: [2048] Declaration of Pub\Controller\SuggestController::show() should be compatible with Think\Controller::show($content, $charset = '', $contentType = '', $prefix = '') D:\wwwroot\test_ykzp_com\wechat\Application\Pub\Controller\SuggestController.class.php 第 111 行.
INFO: [ view_parse ] --START--
INFO: [ template_filter ] --START--
INFO: Run Behavior\ContentReplaceBehavior [ RunTime:0.000096s ]
INFO: [ template_filter ] --END-- [ RunTime:0.000171s ]
INFO: Run Behavior\ParseTemplateBehavior [ RunTime:0.019327s ]
INFO: [ view_parse ] --END-- [ RunTime:0.019404s ]
INFO: [ view_filter ] --START--
INFO: Run Behavior\WriteHtmlCacheBehavior [ RunTime:0.000359s ]
INFO: [ view_filter ] --END-- [ RunTime:0.000422s ]
INFO: [ app_end ] --START--
INFO: Run Behavior\ShowPageTraceBehavior [ RunTime:0.000608s ]
INFO: [ app_end ] --END-- [ RunTime:0.000676s ]

[ 2017-03-29T08:51:43+08:00 ] 123.151.138.59 /wechat/index.php/Pub/Index/index?openid=o4qGOwOMYnQ0aKcd9dTmhKP7C3AI
INFO: [ app_init ] --START--
INFO: Run Behavior\BuildLiteBehavior [ RunTime:0.000022s ]
INFO: [ app_init ] --END-- [ RunTime:0.000410s ]
INFO: [ app_begin ] --START--
INFO: Run Behavior\ReadHtmlCacheBehavior [ RunTime:0.000508s ]
INFO: [ app_begin ] --END-- [ RunTime:0.000585s ]
SQL: SELECT * FROM `yk_user` WHERE `openid` = 'o4qGOwOMYnQ0aKcd9dTmhKP7C3AI' LIMIT 1   [ RunTime:0.0007s ]
SQL: SELECT * FROM `yk_test` WHERE ( devid=100811256 ) ORDER BY time DESC LIMIT 1   [ RunTime:0.0043s ]
SQL: SELECT MAX(bloodGlu) AS tp_max FROM `yk_test` WHERE `devid` = 100811256 AND `bgState` = 2 LIMIT 1   [ RunTime:0.0027s ]
SQL: SELECT MIN(bloodGlu) AS tp_min FROM `yk_test` WHERE `devid` = 100811256 AND `bgState` = 2 LIMIT 1   [ RunTime:0.0016s ]
SQL: SELECT AVG(bloodGlu) AS tp_avg FROM `yk_test` WHERE `devid` = 100811256 AND `bgState` = 2 LIMIT 1   [ RunTime:0.0016s ]
SQL: SELECT MAX(bloodGlu) AS tp_max FROM `yk_test` WHERE `devid` = 100811256 AND `bgState` = 1 LIMIT 1   [ RunTime:0.0016s ]
SQL: SELECT MIN(bloodGlu) AS tp_min FROM `yk_test` WHERE `devid` = 100811256 AND `bgState` = 1 LIMIT 1   [ RunTime:0.0016s ]
SQL: SELECT AVG(bloodGlu) AS tp_avg FROM `yk_test` WHERE `devid` = 100811256 AND `bgState` = 1 LIMIT 1   [ RunTime:0.0016s ]
INFO: [ view_parse ] --START--
INFO: [ template_filter ] --START--
INFO: Run Behavior\ContentReplaceBehavior [ RunTime:0.000097s ]
INFO: [ template_filter ] --END-- [ RunTime:0.000171s ]
INFO: Run Behavior\ParseTemplateBehavior [ RunTime:0.010740s ]
INFO: [ view_parse ] --END-- [ RunTime:0.010817s ]
INFO: [ view_filter ] --START--
INFO: Run Behavior\WriteHtmlCacheBehavior [ RunTime:0.000253s ]
INFO: [ view_filter ] --END-- [ RunTime:0.000316s ]
INFO: [ app_end ] --START--
INFO: Run Behavior\ShowPageTraceBehavior [ RunTime:0.000503s ]
INFO: [ app_end ] --END-- [ RunTime:0.000571s ]

[ 2017-03-29T08:52:00+08:00 ] 111.161.105.14 /wechat/index.php/Pub/Suggest/afterNormal?bloodGlu=6.9&time=2017-03-28%2015:19:18
INFO: [ app_init ] --START--
INFO: Run Behavior\BuildLiteBehavior [ RunTime:0.000022s ]
INFO: [ app_init ] --END-- [ RunTime:0.000410s ]
INFO: [ app_begin ] --START--
INFO: Run Behavior\ReadHtmlCacheBehavior [ RunTime:0.000513s ]
INFO: [ app_begin ] --END-- [ RunTime:0.000588s ]
NOTIC: [2048] Declaration of Pub\Controller\SuggestController::show() should be compatible with Think\Controller::show($content, $charset = '', $contentType = '', $prefix = '') D:\wwwroot\test_ykzp_com\wechat\Application\Pub\Controller\SuggestController.class.php 第 111 行.
INFO: [ view_parse ] --START--
INFO: [ template_filter ] --START--
INFO: Run Behavior\ContentReplaceBehavior [ RunTime:0.000084s ]
INFO: [ template_filter ] --END-- [ RunTime:0.000160s ]
INFO: Run Behavior\ParseTemplateBehavior [ RunTime:0.009129s ]
INFO: [ view_parse ] --END-- [ RunTime:0.009231s ]
INFO: [ view_filter ] --START--
INFO: Run Behavior\WriteHtmlCacheBehavior [ RunTime:0.000338s ]
INFO: [ view_filter ] --END-- [ RunTime:0.000433s ]
INFO: [ app_end ] --START--
INFO: Run Behavior\ShowPageTraceBehavior [ RunTime:0.000687s ]
INFO: [ app_end ] --END-- [ RunTime:0.000784s ]

[ 2017-03-29T09:00:15+08:00 ] 123.151.42.46 /wechat/index.php/Pub/Index/index?openid=o4qGOwI4_lb4YTfgq9iOhTALhyK0
INFO: [ app_init ] --START--
INFO: Run Behavior\BuildLiteBehavior [ RunTime:0.000022s ]
INFO: [ app_init ] --END-- [ RunTime:0.000411s ]
INFO: [ app_begin ] --START--
INFO: Run Behavior\ReadHtmlCacheBehavior [ RunTime:0.000516s ]
INFO: [ app_begin ] --END-- [ RunTime:0.000617s ]
SQL: SELECT * FROM `yk_user` WHERE `openid` = 'o4qGOwI4_lb4YTfgq9iOhTALhyK0' LIMIT 1   [ RunTime:0.0005s ]
SQL: SELECT * FROM `yk_test` WHERE ( devid=100811459 ) ORDER BY time DESC LIMIT 1   [ RunTime:0.0027s ]
SQL: SELECT MAX(bloodGlu) AS tp_max FROM `yk_test` WHERE `devid` = 100811459 AND `bgState` = 2 LIMIT 1   [ RunTime:0.0017s ]
SQL: SELECT MIN(bloodGlu) AS tp_min FROM `yk_test` WHERE `devid` = 100811459 AND `bgState` = 2 LIMIT 1   [ RunTime:0.0016s ]
SQL: SELECT AVG(bloodGlu) AS tp_avg FROM `yk_test` WHERE `devid` = 100811459 AND `bgState` = 2 LIMIT 1   [ RunTime:0.0016s ]
SQL: SELECT MAX(bloodGlu) AS tp_max FROM `yk_test` WHERE `devid` = 100811459 AND `bgState` = 1 LIMIT 1   [ RunTime:0.0016s ]
SQL: SELECT MIN(bloodGlu) AS tp_min FROM `yk_test` WHERE `devid` = 100811459 AND `bgState` = 1 LIMIT 1   [ RunTime:0.0016s ]
SQL: SELECT AVG(bloodGlu) AS tp_avg FROM `yk_test` WHERE `devid` = 100811459 AND `bgState` = 1 LIMIT 1   [ RunTime:0.0016s ]
INFO: [ view_parse ] --START--
INFO: [ template_filter ] --START--
INFO: Run Behavior\ContentReplaceBehavior [ RunTime:0.000086s ]
INFO: [ template_filter ] --END-- [ RunTime:0.000163s ]
INFO: Run Behavior\ParseTemplateBehavior [ RunTime:0.011170s ]
INFO: [ view_parse ] --END-- [ RunTime:0.011250s ]
INFO: [ view_filter ] --START--
INFO: Run Behavior\WriteHtmlCacheBehavior [ RunTime:0.000402s ]
INFO: [ view_filter ] --END-- [ RunTime:0.000467s ]
INFO: [ app_end ] --START--
INFO: Run Behavior\ShowPageTraceBehavior [ RunTime:0.000511s ]
INFO: [ app_end ] --END-- [ RunTime:0.000580s ]

[ 2017-03-29T09:00:29+08:00 ] 123.151.42.46 /wechat/index.php/Pub/Index/index?openid=o4qGOwI4_lb4YTfgq9iOhTALhyK0
INFO: [ app_init ] --START--
INFO: Run Behavior\BuildLiteBehavior [ RunTime:0.000022s ]
INFO: [ app_init ] --END-- [ RunTime:0.000413s ]
INFO: [ app_begin ] --START--
INFO: Run Behavior\ReadHtmlCacheBehavior [ RunTime:0.000513s ]
INFO: [ app_begin ] --END-- [ RunTime:0.000591s ]
SQL: SELECT * FROM `yk_user` WHERE `openid` = 'o4qGOwI4_lb4YTfgq9iOhTALhyK0' LIMIT 1   [ RunTime:0.0007s ]
SQL: SELECT * FROM `yk_test` WHERE ( devid=100811459 ) ORDER BY time DESC LIMIT 1   [ RunTime:0.0029s ]
SQL: SELECT MAX(bloodGlu) AS tp_max FROM `yk_test` WHERE `devid` = 100811459 AND `bgState` = 2 LIMIT 1   [ RunTime:0.0019s ]
SQL: SELECT MIN(bloodGlu) AS tp_min FROM `yk_test` WHERE `devid` = 100811459 AND `bgState` = 2 LIMIT 1   [ RunTime:0.0018s ]
SQL: SELECT AVG(bloodGlu) AS tp_avg FROM `yk_test` WHERE `devid` = 100811459 AND `bgState` = 2 LIMIT 1   [ RunTime:0.0017s ]
SQL: SELECT MAX(bloodGlu) AS tp_max FROM `yk_test` WHERE `devid` = 100811459 AND `bgState` = 1 LIMIT 1   [ RunTime:0.0017s ]
SQL: SELECT MIN(bloodGlu) AS tp_min FROM `yk_test` WHERE `devid` = 100811459 AND `bgState` = 1 LIMIT 1   [ RunTime:0.0017s ]
SQL: SELECT AVG(bloodGlu) AS tp_avg FROM `yk_test` WHERE `devid` = 100811459 AND `bgState` = 1 LIMIT 1   [ RunTime:0.0017s ]
INFO: [ view_parse ] --START--
INFO: [ template_filter ] --START--
INFO: Run Behavior\ContentReplaceBehavior [ RunTime:0.000088s ]
INFO: [ template_filter ] --END-- [ RunTime:0.000177s ]
INFO: Run Behavior\ParseTemplateBehavior [ RunTime:0.013204s ]
INFO: [ view_parse ] --END-- [ RunTime:0.013309s ]
INFO: [ view_filter ] --START--
INFO: Run Behavior\WriteHtmlCacheBehavior [ RunTime:0.000274s ]
INFO: [ view_filter ] --END-- [ RunTime:0.000338s ]
INFO: [ app_end ] --START--
INFO: Run Behavior\ShowPageTraceBehavior [ RunTime:0.000544s ]
INFO: [ app_end ] --END-- [ RunTime:0.000612s ]

[ 2017-03-29T09:07:07+08:00 ] 124.126.177.90 /wechat/index.php/Pub/Suggest/afterHight?bloodGlu=8.6&time=2017-03-29%2009:06:37
INFO: [ app_init ] --START--
INFO: Run Behavior\BuildLiteBehavior [ RunTime:0.000023s ]
INFO: [ app_init ] --END-- [ RunTime:0.000412s ]
INFO: [ app_begin ] --START--
INFO: Run Behavior\ReadHtmlCacheBehavior [ RunTime:0.000514s ]
INFO: [ app_begin ] --END-- [ RunTime:0.000590s ]
NOTIC: [2048] Declaration of Pub\Controller\SuggestController::show() should be compatible with Think\Controller::show($content, $charset = '', $contentType = '', $prefix = '') D:\wwwroot\test_ykzp_com\wechat\Application\Pub\Controller\SuggestController.class.php 第 111 行.
INFO: [ view_parse ] --START--
INFO: [ template_filter ] --START--
INFO: Run Behavior\ContentReplaceBehavior [ RunTime:0.000092s ]
INFO: [ template_filter ] --END-- [ RunTime:0.000168s ]
INFO: Run Behavior\ParseTemplateBehavior [ RunTime:0.010301s ]
INFO: [ view_parse ] --END-- [ RunTime:0.010400s ]
INFO: [ view_filter ] --START--
INFO: Run Behavior\WriteHtmlCacheBehavior [ RunTime:0.000453s ]
INFO: [ view_filter ] --END-- [ RunTime:0.000518s ]
INFO: [ app_end ] --START--
INFO: Run Behavior\ShowPageTraceBehavior [ RunTime:0.000528s ]
INFO: [ app_end ] --END-- [ RunTime:0.000598s ]

[ 2017-03-29T09:08:00+08:00 ] 124.126.177.90 /wechat/index.php/Pub/Index/index?openid=o4qGOwCnEnSphuY52VTXu3FkFSoM
INFO: [ app_init ] --START--
INFO: Run Behavior\BuildLiteBehavior [ RunTime:0.000023s ]
INFO: [ app_init ] --END-- [ RunTime:0.000412s ]
INFO: [ app_begin ] --START--
INFO: Run Behavior\ReadHtmlCacheBehavior [ RunTime:0.000511s ]
INFO: [ app_begin ] --END-- [ RunTime:0.000589s ]
SQL: SELECT * FROM `yk_user` WHERE `openid` = 'o4qGOwCnEnSphuY52VTXu3FkFSoM' LIMIT 1   [ RunTime:0.0006s ]
SQL: SELECT * FROM `yk_test` WHERE ( devid=100811088 ) ORDER BY time DESC LIMIT 1   [ RunTime:0.0041s ]
SQL: SELECT MAX(bloodGlu) AS tp_max FROM `yk_test` WHERE `devid` = 100811088 AND `bgState` = 2 LIMIT 1   [ RunTime:0.0017s ]
SQL: SELECT MIN(bloodGlu) AS tp_min FROM `yk_test` WHERE `devid` = 100811088 AND `bgState` = 2 LIMIT 1   [ RunTime:0.0017s ]
SQL: SELECT AVG(bloodGlu) AS tp_avg FROM `yk_test` WHERE `devid` = 100811088 AND `bgState` = 2 LIMIT 1   [ RunTime:0.0016s ]
SQL: SELECT MAX(bloodGlu) AS tp_max FROM `yk_test` WHERE `devid` = 100811088 AND `bgState` = 1 LIMIT 1   [ RunTime:0.0016s ]
SQL: SELECT MIN(bloodGlu) AS tp_min FROM `yk_test` WHERE `devid` = 100811088 AND `bgState` = 1 LIMIT 1   [ RunTime:0.0018s ]
SQL: SELECT AVG(bloodGlu) AS tp_avg FROM `yk_test` WHERE `devid` = 100811088 AND `bgState` = 1 LIMIT 1   [ RunTime:0.0016s ]
INFO: [ view_parse ] --START--
INFO: [ template_filter ] --START--
INFO: Run Behavior\ContentReplaceBehavior [ RunTime:0.000085s ]
INFO: [ template_filter ] --END-- [ RunTime:0.000159s ]
INFO: Run Behavior\ParseTemplateBehavior [ RunTime:0.010872s ]
INFO: [ view_parse ] --END-- [ RunTime:0.010949s ]
INFO: [ view_filter ] --START--
INFO: Run Behavior\WriteHtmlCacheBehavior [ RunTime:0.000389s ]
INFO: [ view_filter ] --END-- [ RunTime:0.000455s ]
INFO: [ app_end ] --START--
INFO: Run Behavior\ShowPageTraceBehavior [ RunTime:0.000516s ]
INFO: [ app_end ] --END-- [ RunTime:0.000584s ]

[ 2017-03-29T09:14:03+08:00 ] 123.151.64.142 /wechat/index.php/Pub/Index/index?openid=o4qGOwElNomkwBdT2bwBZEd8PzQU
INFO: [ app_init ] --START--
INFO: Run Behavior\BuildLiteBehavior [ RunTime:0.000032s ]
INFO: [ app_init ] --END-- [ RunTime:0.000452s ]
INFO: [ app_begin ] --START--
INFO: Run Behavior\ReadHtmlCacheBehavior [ RunTime:0.000560s ]
INFO: [ app_begin ] --END-- [ RunTime:0.000643s ]
SQL: SELECT * FROM `yk_user` WHERE `openid` = 'o4qGOwElNomkwBdT2bwBZEd8PzQU' LIMIT 1   [ RunTime:0.0006s ]
SQL: SELECT * FROM `yk_test` WHERE ( devid=100811116 ) ORDER BY time DESC LIMIT 1   [ RunTime:0.0028s ]
SQL: SELECT MAX(bloodGlu) AS tp_max FROM `yk_test` WHERE `devid` = 100811116 AND `bgState` = 2 LIMIT 1   [ RunTime:0.0017s ]
SQL: SELECT MIN(bloodGlu) AS tp_min FROM `yk_test` WHERE `devid` = 100811116 AND `bgState` = 2 LIMIT 1   [ RunTime:0.0017s ]
SQL: SELECT AVG(bloodGlu) AS tp_avg FROM `yk_test` WHERE `devid` = 100811116 AND `bgState` = 2 LIMIT 1   [ RunTime:0.0017s ]
SQL: SELECT MAX(bloodGlu) AS tp_max FROM `yk_test` WHERE `devid` = 100811116 AND `bgState` = 1 LIMIT 1   [ RunTime:0.0016s ]
SQL: SELECT MIN(bloodGlu) AS tp_min FROM `yk_test` WHERE `devid` = 100811116 AND `bgState` = 1 LIMIT 1   [ RunTime:0.0017s ]
SQL: SELECT AVG(bloodGlu) AS tp_avg FROM `yk_test` WHERE `devid` = 100811116 AND `bgState` = 1 LIMIT 1   [ RunTime:0.0017s ]
INFO: [ view_parse ] --START--
INFO: [ template_filter ] --START--
INFO: Run Behavior\ContentReplaceBehavior [ RunTime:0.000083s ]
INFO: [ template_filter ] --END-- [ RunTime:0.000158s ]
INFO: Run Behavior\ParseTemplateBehavior [ RunTime:0.011355s ]
INFO: [ view_parse ] --END-- [ RunTime:0.011449s ]
INFO: [ view_filter ] --START--
INFO: Run Behavior\WriteHtmlCacheBehavior [ RunTime:0.000461s ]
INFO: [ view_filter ] --END-- [ RunTime:0.000535s ]
INFO: [ app_end ] --START--
INFO: Run Behavior\ShowPageTraceBehavior [ RunTime:0.000533s ]
INFO: [ app_end ] --END-- [ RunTime:0.000615s ]

[ 2017-03-29T09:24:42+08:00 ] 124.126.177.90 /wechat/index.php/Pub/Index/register?openid=o4qGOwAKl_gbedt56ZxHObJC1rJ8
INFO: [ app_init ] --START--
INFO: Run Behavior\BuildLiteBehavior [ RunTime:0.000026s ]
INFO: [ app_init ] --END-- [ RunTime:0.000469s ]
INFO: [ app_begin ] --START--
INFO: Run Behavior\ReadHtmlCacheBehavior [ RunTime:0.000711s ]
INFO: [ app_begin ] --END-- [ RunTime:0.000814s ]
SQL: SELECT * FROM `yk_shop`  [ RunTime:0.0005s ]
INFO: [ view_parse ] --START--
INFO: [ template_filter ] --START--
INFO: Run Behavior\ContentReplaceBehavior [ RunTime:0.000100s ]
INFO: [ template_filter ] --END-- [ RunTime:0.000172s ]
INFO: Run Behavior\ParseTemplateBehavior [ RunTime:0.009599s ]
INFO: [ view_parse ] --END-- [ RunTime:0.009678s ]
INFO: [ view_filter ] --START--
INFO: Run Behavior\WriteHtmlCacheBehavior [ RunTime:0.000409s ]
INFO: [ view_filter ] --END-- [ RunTime:0.000474s ]
INFO: [ app_end ] --START--
INFO: Run Behavior\ShowPageTraceBehavior [ RunTime:0.000513s ]
INFO: [ app_end ] --END-- [ RunTime:0.000584s ]

[ 2017-03-29T09:25:54+08:00 ] 124.126.177.90 /wechat/index.php/Pub/Index/register?openid=o4qGOwAKl_gbedt56ZxHObJC1rJ8
INFO: [ app_init ] --START--
INFO: Run Behavior\BuildLiteBehavior [ RunTime:0.000025s ]
INFO: [ app_init ] --END-- [ RunTime:0.000486s ]
INFO: [ app_begin ] --START--
INFO: Run Behavior\ReadHtmlCacheBehavior [ RunTime:0.000510s ]
INFO: [ app_begin ] --END-- [ RunTime:0.000592s ]
SQL: SELECT * FROM `yk_shop`  [ RunTime:0.0006s ]
SQL: SELECT * FROM `yk_register` WHERE `openid` = 'o4qGOwAKl_gbedt56ZxHObJC1rJ8' LIMIT 1   [ RunTime:0.0008s ]
NOTIC: [8] Undefined index: validate D:\wwwroot\test_ykzp_com\wechat\ThinkPHP\Library\Think\Model.class.php 第 1185 行.
NOTIC: [8] Undefined index: auto D:\wwwroot\test_ykzp_com\wechat\ThinkPHP\Library\Think\Model.class.php 第 1128 行.
SQL: INSERT INTO `yk_register` (`openid`,`tel`,`user`,`sex`,`connection`,`province`,`city`,`area`,`addres`,`shop`) VALUES ('o4qGOwAKl_gbedt56ZxHObJC1rJ8','13691146233','邢宗佑','男','自己','北京市','北京市','东城区','西水井','1') [ RunTime:0.0066s ]

[ 2017-03-29T09:25:54+08:00 ] 123.151.42.48 /wechat/index.php/Pub/Index/regis.html
INFO: [ app_init ] --START--
INFO: Run Behavior\BuildLiteBehavior [ RunTime:0.000031s ]
INFO: [ app_init ] --END-- [ RunTime:0.000446s ]
INFO: [ app_begin ] --START--
INFO: Run Behavior\ReadHtmlCacheBehavior [ RunTime:0.000621s ]
INFO: [ app_begin ] --END-- [ RunTime:0.000703s ]
INFO: [ view_parse ] --START--
INFO: [ template_filter ] --START--
INFO: Run Behavior\ContentReplaceBehavior [ RunTime:0.000054s ]
INFO: [ template_filter ] --END-- [ RunTime:0.000131s ]
INFO: Run Behavior\ParseTemplateBehavior [ RunTime:0.006580s ]
INFO: [ view_parse ] --END-- [ RunTime:0.006660s ]
INFO: [ view_filter ] --START--
INFO: Run Behavior\WriteHtmlCacheBehavior [ RunTime:0.000390s ]
INFO: [ view_filter ] --END-- [ RunTime:0.000452s ]
INFO: [ app_end ] --START--
INFO: Run Behavior\ShowPageTraceBehavior [ RunTime:0.000511s ]
INFO: [ app_end ] --END-- [ RunTime:0.000575s ]

[ 2017-03-29T09:26:11+08:00 ] 123.151.42.48 /wechat/index.php/Pub/Index/myhome?openid=o4qGOwAKl_gbedt56ZxHObJC1rJ8&headimgurl=http://wx.qlogo.cn/mmopen/66le6dqUInOxfYFuIKQcEEg07HqVZpF37Q49cF2zUu7yY59E94q60Kww2ZManFxwPJJsKWDyOPb4rvtCkELiakkXoPXDIvx3U/0
INFO: [ app_init ] --START--
INFO: Run Behavior\BuildLiteBehavior [ RunTime:0.000023s ]
INFO: [ app_init ] --END-- [ RunTime:0.000440s ]
INFO: [ app_begin ] --START--
INFO: Run Behavior\ReadHtmlCacheBehavior [ RunTime:0.000518s ]
INFO: [ app_begin ] --END-- [ RunTime:0.000608s ]
SQL: SELECT * FROM `yk_register` WHERE `openid` = 'o4qGOwAKl_gbedt56ZxHObJC1rJ8'  [ RunTime:0.0008s ]
INFO: [ view_parse ] --START--
INFO: [ template_filter ] --START--
INFO: Run Behavior\ContentReplaceBehavior [ RunTime:0.000076s ]
INFO: [ template_filter ] --END-- [ RunTime:0.000156s ]
INFO: Run Behavior\ParseTemplateBehavior [ RunTime:0.009207s ]
INFO: [ view_parse ] --END-- [ RunTime:0.009289s ]
INFO: [ view_filter ] --START--
INFO: Run Behavior\WriteHtmlCacheBehavior [ RunTime:0.000415s ]
INFO: [ view_filter ] --END-- [ RunTime:0.000479s ]
INFO: [ app_end ] --START--
INFO: Run Behavior\ShowPageTraceBehavior [ RunTime:0.000521s ]
INFO: [ app_end ] --END-- [ RunTime:0.000590s ]

[ 2017-03-29T09:32:52+08:00 ] 123.151.42.48 /wechat/index.php/Pub/Suggest/beforeHighSerious?bloodGlu=8.2&time=2017-03-29%2009:32:37
INFO: [ app_init ] --START--
INFO: Run Behavior\BuildLiteBehavior [ RunTime:0.000021s ]
INFO: [ app_init ] --END-- [ RunTime:0.000408s ]
INFO: [ app_begin ] --START--
INFO: Run Behavior\ReadHtmlCacheBehavior [ RunTime:0.000644s ]
INFO: [ app_begin ] --END-- [ RunTime:0.000722s ]
NOTIC: [2048] Declaration of Pub\Controller\SuggestController::show() should be compatible with Think\Controller::show($content, $charset = '', $contentType = '', $prefix = '') D:\wwwroot\test_ykzp_com\wechat\Application\Pub\Controller\SuggestController.class.php 第 111 行.
INFO: [ view_parse ] --START--
INFO: [ template_filter ] --START--
INFO: Run Behavior\ContentReplaceBehavior [ RunTime:0.000096s ]
INFO: [ template_filter ] --END-- [ RunTime:0.000183s ]
INFO: Run Behavior\ParseTemplateBehavior [ RunTime:0.010753s ]
INFO: [ view_parse ] --END-- [ RunTime:0.010855s ]
INFO: [ view_filter ] --START--
INFO: Run Behavior\WriteHtmlCacheBehavior [ RunTime:0.000436s ]
INFO: [ view_filter ] --END-- [ RunTime:0.000518s ]
INFO: [ app_end ] --START--
INFO: Run Behavior\ShowPageTraceBehavior [ RunTime:0.000640s ]
INFO: [ app_end ] --END-- [ RunTime:0.000710s ]

[ 2017-03-29T09:34:16+08:00 ] 123.151.42.48 /wechat/index.php/Pub/Suggest/beforeHighSerious?bloodGlu=8.2&time=2017-03-29%2009:32:37
INFO: [ app_init ] --START--
INFO: Run Behavior\BuildLiteBehavior [ RunTime:0.000023s ]
INFO: [ app_init ] --END-- [ RunTime:0.000511s ]
INFO: [ app_begin ] --START--
INFO: Run Behavior\ReadHtmlCacheBehavior [ RunTime:0.000722s ]
INFO: [ app_begin ] --END-- [ RunTime:0.000804s ]
NOTIC: [2048] Declaration of Pub\Controller\SuggestController::show() should be compatible with Think\Controller::show($content, $charset = '', $contentType = '', $prefix = '') D:\wwwroot\test_ykzp_com\wechat\Application\Pub\Controller\SuggestController.class.php 第 111 行.
INFO: [ view_parse ] --START--
INFO: [ template_filter ] --START--
INFO: Run Behavior\ContentReplaceBehavior [ RunTime:0.000103s ]
INFO: [ template_filter ] --END-- [ RunTime:0.000206s ]
INFO: Run Behavior\ParseTemplateBehavior [ RunTime:0.010002s ]
INFO: [ view_parse ] --END-- [ RunTime:0.010083s ]
INFO: [ view_filter ] --START--
INFO: Run Behavior\WriteHtmlCacheBehavior [ RunTime:0.000440s ]
INFO: [ view_filter ] --END-- [ RunTime:0.000503s ]
INFO: [ app_end ] --START--
INFO: Run Behavior\ShowPageTraceBehavior [ RunTime:0.000696s ]
INFO: [ app_end ] --END-- [ RunTime:0.000766s ]

[ 2017-03-29T10:02:08+08:00 ] 111.161.57.31 /wechat/index.php/Pub/Suggest/afterNormal?bloodGlu=6.8&time=2017-03-29%2010:01:48
INFO: [ app_init ] --START--
INFO: Run Behavior\BuildLiteBehavior [ RunTime:0.000024s ]
INFO: [ app_init ] --END-- [ RunTime:0.000533s ]
INFO: [ app_begin ] --START--
INFO: Run Behavior\ReadHtmlCacheBehavior [ RunTime:0.000750s ]
INFO: [ app_begin ] --END-- [ RunTime:0.000871s ]
NOTIC: [2048] Declaration of Pub\Controller\SuggestController::show() should be compatible with Think\Controller::show($content, $charset = '', $contentType = '', $prefix = '') D:\wwwroot\test_ykzp_com\wechat\Application\Pub\Controller\SuggestController.class.php 第 111 行.
INFO: [ view_parse ] --START--
INFO: [ template_filter ] --START--
INFO: Run Behavior\ContentReplaceBehavior [ RunTime:0.000119s ]
INFO: [ template_filter ] --END-- [ RunTime:0.000267s ]
INFO: Run Behavior\ParseTemplateBehavior [ RunTime:0.012301s ]
INFO: [ view_parse ] --END-- [ RunTime:0.012383s ]
INFO: [ view_filter ] --START--
INFO: Run Behavior\WriteHtmlCacheBehavior [ RunTime:0.000452s ]
INFO: [ view_filter ] --END-- [ RunTime:0.000516s ]
INFO: [ app_end ] --START--
INFO: Run Behavior\ShowPageTraceBehavior [ RunTime:0.000739s ]
INFO: [ app_end ] --END-- [ RunTime:0.000808s ]

[ 2017-03-29T10:19:06+08:00 ] 115.171.220.88 /wechat/index.php/Pub/Index/index?openid=o4qGOwFK43bVNdkcWxMVYE8s-5J0
INFO: [ app_init ] --START--
INFO: Run Behavior\BuildLiteBehavior [ RunTime:0.000025s ]
INFO: [ app_init ] --END-- [ RunTime:0.000606s ]
INFO: [ app_begin ] --START--
INFO: Run Behavior\ReadHtmlCacheBehavior [ RunTime:0.001547s ]
INFO: [ app_begin ] --END-- [ RunTime:0.001673s ]
SQL: SELECT * FROM `yk_user` WHERE `openid` = 'o4qGOwFK43bVNdkcWxMVYE8s-5J0' LIMIT 1   [ RunTime:0.0006s ]
SQL: SELECT * FROM `yk_test` WHERE ( devid=100811220 ) ORDER BY time DESC LIMIT 1   [ RunTime:0.0028s ]
SQL: SELECT MAX(bloodGlu) AS tp_max FROM `yk_test` WHERE `devid` = 100811220 AND `bgState` = 2 LIMIT 1   [ RunTime:0.0017s ]
SQL: SELECT MIN(bloodGlu) AS tp_min FROM `yk_test` WHERE `devid` = 100811220 AND `bgState` = 2 LIMIT 1   [ RunTime:0.0017s ]
SQL: SELECT AVG(bloodGlu) AS tp_avg FROM `yk_test` WHERE `devid` = 100811220 AND `bgState` = 2 LIMIT 1   [ RunTime:0.0017s ]
SQL: SELECT MAX(bloodGlu) AS tp_max FROM `yk_test` WHERE `devid` = 100811220 AND `bgState` = 1 LIMIT 1   [ RunTime:0.0016s ]
SQL: SELECT MIN(bloodGlu) AS tp_min FROM `yk_test` WHERE `devid` = 100811220 AND `bgState` = 1 LIMIT 1   [ RunTime:0.0016s ]
SQL: SELECT AVG(bloodGlu) AS tp_avg FROM `yk_test` WHERE `devid` = 100811220 AND `bgState` = 1 LIMIT 1   [ RunTime:0.0016s ]
INFO: [ view_parse ] --START--
INFO: [ template_filter ] --START--
INFO: Run Behavior\ContentReplaceBehavior [ RunTime:0.000135s ]
INFO: [ template_filter ] --END-- [ RunTime:0.000253s ]
INFO: Run Behavior\ParseTemplateBehavior [ RunTime:0.014703s ]
INFO: [ view_parse ] --END-- [ RunTime:0.014797s ]
INFO: [ view_filter ] --START--
INFO: Run Behavior\WriteHtmlCacheBehavior [ RunTime:0.001383s ]
INFO: [ view_filter ] --END-- [ RunTime:0.001476s ]
INFO: [ app_end ] --START--
INFO: Run Behavior\ShowPageTraceBehavior [ RunTime:0.001503s ]
INFO: [ app_end ] --END-- [ RunTime:0.001587s ]

[ 2017-03-29T10:31:01+08:00 ] 111.161.57.31 /wechat/index.php/Pub/Suggest/afterHightSerious?bloodGlu=14.5&time=2017-03-29%2010:29:56
INFO: [ app_init ] --START--
INFO: Run Behavior\BuildLiteBehavior [ RunTime:0.000022s ]
INFO: [ app_init ] --END-- [ RunTime:0.000516s ]
INFO: [ app_begin ] --START--
INFO: Run Behavior\ReadHtmlCacheBehavior [ RunTime:0.000762s ]
INFO: [ app_begin ] --END-- [ RunTime:0.000841s ]
NOTIC: [2048] Declaration of Pub\Controller\SuggestController::show() should be compatible with Think\Controller::show($content, $charset = '', $contentType = '', $prefix = '') D:\wwwroot\test_ykzp_com\wechat\Application\Pub\Controller\SuggestController.class.php 第 111 行.
INFO: [ view_parse ] --START--
INFO: [ template_filter ] --START--
INFO: Run Behavior\ContentReplaceBehavior [ RunTime:0.000115s ]
INFO: [ template_filter ] --END-- [ RunTime:0.000196s ]
INFO: Run Behavior\ParseTemplateBehavior [ RunTime:0.012658s ]
INFO: [ view_parse ] --END-- [ RunTime:0.012744s ]
INFO: [ view_filter ] --START--
INFO: Run Behavior\WriteHtmlCacheBehavior [ RunTime:0.000429s ]
INFO: [ view_filter ] --END-- [ RunTime:0.000492s ]
INFO: [ app_end ] --START--
INFO: Run Behavior\ShowPageTraceBehavior [ RunTime:0.000673s ]
INFO: [ app_end ] --END-- [ RunTime:0.000744s ]

[ 2017-03-29T10:33:09+08:00 ] 123.151.42.46 /wechat/index.php/Pub/Index/index?openid=o4qGOwKX9EMxafPuo48GMTYo6ANc
INFO: [ app_init ] --START--
INFO: Run Behavior\BuildLiteBehavior [ RunTime:0.000024s ]
INFO: [ app_init ] --END-- [ RunTime:0.000466s ]
INFO: [ app_begin ] --START--
INFO: Run Behavior\ReadHtmlCacheBehavior [ RunTime:0.000701s ]
INFO: [ app_begin ] --END-- [ RunTime:0.000781s ]
SQL: SELECT * FROM `yk_user` WHERE `openid` = 'o4qGOwKX9EMxafPuo48GMTYo6ANc' LIMIT 1   [ RunTime:0.0005s ]
SQL: SELECT * FROM `yk_test` WHERE ( devid=100811088 ) ORDER BY time DESC LIMIT 1   [ RunTime:0.0029s ]
SQL: SELECT MAX(bloodGlu) AS tp_max FROM `yk_test` WHERE `devid` = 100811088 AND `bgState` = 2 LIMIT 1   [ RunTime:0.0017s ]
SQL: SELECT MIN(bloodGlu) AS tp_min FROM `yk_test` WHERE `devid` = 100811088 AND `bgState` = 2 LIMIT 1   [ RunTime:0.0017s ]
SQL: SELECT AVG(bloodGlu) AS tp_avg FROM `yk_test` WHERE `devid` = 100811088 AND `bgState` = 2 LIMIT 1   [ RunTime:0.0017s ]
SQL: SELECT MAX(bloodGlu) AS tp_max FROM `yk_test` WHERE `devid` = 100811088 AND `bgState` = 1 LIMIT 1   [ RunTime:0.0017s ]
SQL: SELECT MIN(bloodGlu) AS tp_min FROM `yk_test` WHERE `devid` = 100811088 AND `bgState` = 1 LIMIT 1   [ RunTime:0.0016s ]
SQL: SELECT AVG(bloodGlu) AS tp_avg FROM `yk_test` WHERE `devid` = 100811088 AND `bgState` = 1 LIMIT 1   [ RunTime:0.0017s ]
INFO: [ view_parse ] --START--
INFO: [ template_filter ] --START--
INFO: Run Behavior\ContentReplaceBehavior [ RunTime:0.000090s ]
INFO: [ template_filter ] --END-- [ RunTime:0.000172s ]
INFO: Run Behavior\ParseTemplateBehavior [ RunTime:0.011771s ]
INFO: [ view_parse ] --END-- [ RunTime:0.011850s ]
INFO: [ view_filter ] --START--
INFO: Run Behavior\WriteHtmlCacheBehavior [ RunTime:0.000432s ]
INFO: [ view_filter ] --END-- [ RunTime:0.000495s ]
INFO: [ app_end ] --START--
INFO: Run Behavior\ShowPageTraceBehavior [ RunTime:0.000707s ]
INFO: [ app_end ] --END-- [ RunTime:0.000780s ]

[ 2017-03-29T10:36:20+08:00 ] 115.171.220.88 /wechat/index.php/Pub/Index/index?openid=o4qGOwFK43bVNdkcWxMVYE8s-5J0
INFO: [ app_init ] --START--
INFO: Run Behavior\BuildLiteBehavior [ RunTime:0.000022s ]
INFO: [ app_init ] --END-- [ RunTime:0.000454s ]
INFO: [ app_begin ] --START--
INFO: Run Behavior\ReadHtmlCacheBehavior [ RunTime:0.000665s ]
INFO: [ app_begin ] --END-- [ RunTime:0.000744s ]
SQL: SELECT * FROM `yk_user` WHERE `openid` = 'o4qGOwFK43bVNdkcWxMVYE8s-5J0' LIMIT 1   [ RunTime:0.0007s ]
SQL: SELECT * FROM `yk_test` WHERE ( devid=100811220 ) ORDER BY time DESC LIMIT 1   [ RunTime:0.0035s ]
SQL: SELECT MAX(bloodGlu) AS tp_max FROM `yk_test` WHERE `devid` = 100811220 AND `bgState` = 2 LIMIT 1   [ RunTime:0.0017s ]
SQL: SELECT MIN(bloodGlu) AS tp_min FROM `yk_test` WHERE `devid` = 100811220 AND `bgState` = 2 LIMIT 1   [ RunTime:0.0017s ]
SQL: SELECT AVG(bloodGlu) AS tp_avg FROM `yk_test` WHERE `devid` = 100811220 AND `bgState` = 2 LIMIT 1   [ RunTime:0.0017s ]
SQL: SELECT MAX(bloodGlu) AS tp_max FROM `yk_test` WHERE `devid` = 100811220 AND `bgState` = 1 LIMIT 1   [ RunTime:0.0016s ]
SQL: SELECT MIN(bloodGlu) AS tp_min FROM `yk_test` WHERE `devid` = 100811220 AND `bgState` = 1 LIMIT 1   [ RunTime:0.0016s ]
SQL: SELECT AVG(bloodGlu) AS tp_avg FROM `yk_test` WHERE `devid` = 100811220 AND `bgState` = 1 LIMIT 1   [ RunTime:0.0017s ]
INFO: [ view_parse ] --START--
INFO: [ template_filter ] --START--
INFO: Run Behavior\ContentReplaceBehavior [ RunTime:0.000086s ]
INFO: [ template_filter ] --END-- [ RunTime:0.000167s ]
INFO: Run Behavior\ParseTemplateBehavior [ RunTime:0.012003s ]
INFO: [ view_parse ] --END-- [ RunTime:0.012083s ]
INFO: [ view_filter ] --START--
INFO: Run Behavior\WriteHtmlCacheBehavior [ RunTime:0.000463s ]
INFO: [ view_filter ] --END-- [ RunTime:0.000527s ]
INFO: [ app_end ] --START--
INFO: Run Behavior\ShowPageTraceBehavior [ RunTime:0.000696s ]
INFO: [ app_end ] --END-- [ RunTime:0.000763s ]

[ 2017-03-29T10:36:33+08:00 ] 115.171.220.88 /wechat/index.php/Pub/index/cartogram/openid/o4qGOwFK43bVNdkcWxMVYE8s-5J0.html
INFO: [ app_init ] --START--
INFO: Run Behavior\BuildLiteBehavior [ RunTime:0.000023s ]
INFO: [ app_init ] --END-- [ RunTime:0.000455s ]
INFO: [ app_begin ] --START--
INFO: Run Behavior\ReadHtmlCacheBehavior [ RunTime:0.000664s ]
INFO: [ app_begin ] --END-- [ RunTime:0.000745s ]
SQL: SELECT * FROM `yk_user` WHERE `openid` = 'o4qGOwFK43bVNdkcWxMVYE8s-5J0' LIMIT 1   [ RunTime:0.0028s ]
SQL: SELECT * FROM `yk_test` WHERE `devid` = 100811220 AND ( `testTime` > '2017-03-29 00:00:00' AND `testTime` < '2017-03-29 23:59:59'  ) AND `bgState` = 2  [ RunTime:0.0030s ]
SQL: SELECT * FROM `yk_test` WHERE `devid` = 100811220 AND ( `testTime` > '2017-03-29 00:00:00' AND `testTime` < '2017-03-29 23:59:59'  ) AND `bgState` = 1  [ RunTime:0.0029s ]
NOTIC: [8] Undefined variable: dtimearr1 D:\wwwroot\test_ykzp_com\wechat\Application\Pub\Controller\IndexController.class.php 第 377 行.
NOTIC: [8] Undefined variable: dtimearr2 D:\wwwroot\test_ykzp_com\wechat\Application\Pub\Controller\IndexController.class.php 第 377 行.
NOTIC: [8] Undefined variable: dtimearr2 D:\wwwroot\test_ykzp_com\wechat\Application\Pub\Controller\IndexController.class.php 第 380 行.
SQL: SELECT * FROM `yk_test` WHERE ( `testTime` > '2017-03-01' AND `testTime` < '2017-03-31'  ) AND `devid` = 100811220 AND `bgState` = 2  [ RunTime:0.0042s ]
SQL: SELECT MAX(bloodGlu) AS tp_max FROM `yk_test` WHERE ( `testTime` > '2017-03-01' AND `testTime` < '2017-03-31'  ) AND `devid` = 100811220 AND `bgState` = 2 LIMIT 1   [ RunTime:0.0018s ]
SQL: SELECT MIN(bloodGlu) AS tp_min FROM `yk_test` WHERE ( `testTime` > '2017-03-01' AND `testTime` < '2017-03-31'  ) AND `devid` = 100811220 AND `bgState` = 2 LIMIT 1   [ RunTime:0.0018s ]
SQL: SELECT AVG(bloodGlu) AS tp_avg FROM `yk_test` WHERE ( `testTime` > '2017-03-01' AND `testTime` < '2017-03-31'  ) AND `devid` = 100811220 AND `bgState` = 2 LIMIT 1   [ RunTime:0.0018s ]
SQL: SELECT * FROM `yk_test` WHERE ( `testTime` > '2017-03-01' AND `testTime` < '2017-03-31'  ) AND `devid` = 100811220 AND `bgState` = 1  [ RunTime:0.0030s ]
SQL: SELECT MAX(bloodGlu) AS tp_max FROM `yk_test` WHERE ( `testTime` > '2017-03-01' AND `testTime` < '2017-03-31'  ) AND `devid` = 100811220 AND `bgState` = 1 LIMIT 1   [ RunTime:0.0020s ]
SQL: SELECT MIN(bloodGlu) AS tp_min FROM `yk_test` WHERE ( `testTime` > '2017-03-01' AND `testTime` < '2017-03-31'  ) AND `devid` = 100811220 AND `bgState` = 1 LIMIT 1   [ RunTime:0.0018s ]
SQL: SELECT AVG(bloodGlu) AS tp_avg FROM `yk_test` WHERE ( `testTime` > '2017-03-01' AND `testTime` < '2017-03-31'  ) AND `devid` = 100811220 AND `bgState` = 1 LIMIT 1   [ RunTime:0.0019s ]
SQL: SELECT * FROM `yk_test` WHERE ( `testTime` > '2017-03-23' AND `testTime` < '2017-03-29 10:36:33'  ) AND `devid` = 100811220  [ RunTime:0.0027s ]
SQL: SELECT * FROM `yk_test` WHERE ( `testTime` > '2017-01-01' AND `testTime` < '2017-03-29 10:36:33'  ) AND `devid` = 100811220 AND `bgState` = 2  [ RunTime:0.0029s ]
SQL: SELECT * FROM `yk_test` WHERE ( `testTime` > '2017-01-01' AND `testTime` < '2017-03-29 10:36:33'  ) AND `devid` = 100811220 AND `bgState` = 1  [ RunTime:0.0037s ]
INFO: [ view_parse ] --START--
INFO: [ template_filter ] --START--
INFO: Run Behavior\ContentReplaceBehavior [ RunTime:0.000126s ]
INFO: [ template_filter ] --END-- [ RunTime:0.000212s ]
INFO: Run Behavior\ParseTemplateBehavior [ RunTime:0.012428s ]
INFO: [ view_parse ] --END-- [ RunTime:0.012537s ]
INFO: [ view_filter ] --START--
INFO: Run Behavior\WriteHtmlCacheBehavior [ RunTime:0.000500s ]
INFO: [ view_filter ] --END-- [ RunTime:0.000589s ]
INFO: [ app_end ] --START--
INFO: Run Behavior\ShowPageTraceBehavior [ RunTime:0.000666s ]
INFO: [ app_end ] --END-- [ RunTime:0.000741s ]

[ 2017-03-29T10:37:09+08:00 ] 115.171.220.88 /wechat/index.php/Pub/Index/index?openid=o4qGOwFK43bVNdkcWxMVYE8s-5J0
INFO: [ app_init ] --START--
INFO: Run Behavior\BuildLiteBehavior [ RunTime:0.000022s ]
INFO: [ app_init ] --END-- [ RunTime:0.000454s ]
INFO: [ app_begin ] --START--
INFO: Run Behavior\ReadHtmlCacheBehavior [ RunTime:0.000697s ]
INFO: [ app_begin ] --END-- [ RunTime:0.000784s ]
SQL: SELECT * FROM `yk_user` WHERE `openid` = 'o4qGOwFK43bVNdkcWxMVYE8s-5J0' LIMIT 1   [ RunTime:0.0005s ]
SQL: SELECT * FROM `yk_test` WHERE ( devid=100811220 ) ORDER BY time DESC LIMIT 1   [ RunTime:0.0028s ]
SQL: SELECT MAX(bloodGlu) AS tp_max FROM `yk_test` WHERE `devid` = 100811220 AND `bgState` = 2 LIMIT 1   [ RunTime:0.0018s ]
SQL: SELECT MIN(bloodGlu) AS tp_min FROM `yk_test` WHERE `devid` = 100811220 AND `bgState` = 2 LIMIT 1   [ RunTime:0.0018s ]
SQL: SELECT AVG(bloodGlu) AS tp_avg FROM `yk_test` WHERE `devid` = 100811220 AND `bgState` = 2 LIMIT 1   [ RunTime:0.0017s ]
SQL: SELECT MAX(bloodGlu) AS tp_max FROM `yk_test` WHERE `devid` = 100811220 AND `bgState` = 1 LIMIT 1   [ RunTime:0.0016s ]
SQL: SELECT MIN(bloodGlu) AS tp_min FROM `yk_test` WHERE `devid` = 100811220 AND `bgState` = 1 LIMIT 1   [ RunTime:0.0016s ]
SQL: SELECT AVG(bloodGlu) AS tp_avg FROM `yk_test` WHERE `devid` = 100811220 AND `bgState` = 1 LIMIT 1   [ RunTime:0.0017s ]
INFO: [ view_parse ] --START--
INFO: [ template_filter ] --START--
INFO: Run Behavior\ContentReplaceBehavior [ RunTime:0.000081s ]
INFO: [ template_filter ] --END-- [ RunTime:0.000153s ]
INFO: Run Behavior\ParseTemplateBehavior [ RunTime:0.011875s ]
INFO: [ view_parse ] --END-- [ RunTime:0.011954s ]
INFO: [ view_filter ] --START--
INFO: Run Behavior\WriteHtmlCacheBehavior [ RunTime:0.000427s ]
INFO: [ view_filter ] --END-- [ RunTime:0.000491s ]
INFO: [ app_end ] --START--
INFO: Run Behavior\ShowPageTraceBehavior [ RunTime:0.000671s ]
INFO: [ app_end ] --END-- [ RunTime:0.000737s ]

[ 2017-03-29T10:37:25+08:00 ] 115.171.220.88 /wechat/index.php/Pub/Index/index?openid=o4qGOwFK43bVNdkcWxMVYE8s-5J0
INFO: [ app_init ] --START--
INFO: Run Behavior\BuildLiteBehavior [ RunTime:0.000024s ]
INFO: [ app_init ] --END-- [ RunTime:0.000470s ]
INFO: [ app_begin ] --START--
INFO: Run Behavior\ReadHtmlCacheBehavior [ RunTime:0.000785s ]
INFO: [ app_begin ] --END-- [ RunTime:0.000865s ]
SQL: SELECT * FROM `yk_user` WHERE `openid` = 'o4qGOwFK43bVNdkcWxMVYE8s-5J0' LIMIT 1   [ RunTime:0.0005s ]
SQL: SELECT * FROM `yk_test` WHERE ( devid=100811220 ) ORDER BY time DESC LIMIT 1   [ RunTime:0.0028s ]
SQL: SELECT MAX(bloodGlu) AS tp_max FROM `yk_test` WHERE `devid` = 100811220 AND `bgState` = 2 LIMIT 1   [ RunTime:0.0017s ]
SQL: SELECT MIN(bloodGlu) AS tp_min FROM `yk_test` WHERE `devid` = 100811220 AND `bgState` = 2 LIMIT 1   [ RunTime:0.0019s ]
SQL: SELECT AVG(bloodGlu) AS tp_avg FROM `yk_test` WHERE `devid` = 100811220 AND `bgState` = 2 LIMIT 1   [ RunTime:0.0021s ]
SQL: SELECT MAX(bloodGlu) AS tp_max FROM `yk_test` WHERE `devid` = 100811220 AND `bgState` = 1 LIMIT 1   [ RunTime:0.0018s ]
SQL: SELECT MIN(bloodGlu) AS tp_min FROM `yk_test` WHERE `devid` = 100811220 AND `bgState` = 1 LIMIT 1   [ RunTime:0.0020s ]
SQL: SELECT AVG(bloodGlu) AS tp_avg FROM `yk_test` WHERE `devid` = 100811220 AND `bgState` = 1 LIMIT 1   [ RunTime:0.0018s ]
INFO: [ view_parse ] --START--
INFO: [ template_filter ] --START--
INFO: Run Behavior\ContentReplaceBehavior [ RunTime:0.000106s ]
INFO: [ template_filter ] --END-- [ RunTime:0.000218s ]
INFO: Run Behavior\ParseTemplateBehavior [ RunTime:0.014045s ]
INFO: [ view_parse ] --END-- [ RunTime:0.014126s ]
INFO: [ view_filter ] --START--
INFO: Run Behavior\WriteHtmlCacheBehavior [ RunTime:0.000460s ]
INFO: [ view_filter ] --END-- [ RunTime:0.000523s ]
INFO: [ app_end ] --START--
INFO: Run Behavior\ShowPageTraceBehavior [ RunTime:0.000681s ]
INFO: [ app_end ] --END-- [ RunTime:0.000749s ]

[ 2017-03-29T10:37:30+08:00 ] 119.7.73.130 /wechat/index.php/Pub/Index/index?openid=o4qGOwKX9EMxafPuo48GMTYo6ANc
INFO: [ app_init ] --START--
INFO: Run Behavior\BuildLiteBehavior [ RunTime:0.000021s ]
INFO: [ app_init ] --END-- [ RunTime:0.000450s ]
INFO: [ app_begin ] --START--
INFO: Run Behavior\ReadHtmlCacheBehavior [ RunTime:0.000692s ]
INFO: [ app_begin ] --END-- [ RunTime:0.000792s ]
SQL: SELECT * FROM `yk_user` WHERE `openid` = 'o4qGOwKX9EMxafPuo48GMTYo6ANc' LIMIT 1   [ RunTime:0.0005s ]
SQL: SELECT * FROM `yk_test` WHERE ( devid=100811088 ) ORDER BY time DESC LIMIT 1   [ RunTime:0.0029s ]
SQL: SELECT MAX(bloodGlu) AS tp_max FROM `yk_test` WHERE `devid` = 100811088 AND `bgState` = 2 LIMIT 1   [ RunTime:0.0018s ]
SQL: SELECT MIN(bloodGlu) AS tp_min FROM `yk_test` WHERE `devid` = 100811088 AND `bgState` = 2 LIMIT 1   [ RunTime:0.0017s ]
SQL: SELECT AVG(bloodGlu) AS tp_avg FROM `yk_test` WHERE `devid` = 100811088 AND `bgState` = 2 LIMIT 1   [ RunTime:0.0017s ]
SQL: SELECT MAX(bloodGlu) AS tp_max FROM `yk_test` WHERE `devid` = 100811088 AND `bgState` = 1 LIMIT 1   [ RunTime:0.0016s ]
SQL: SELECT MIN(bloodGlu) AS tp_min FROM `yk_test` WHERE `devid` = 100811088 AND `bgState` = 1 LIMIT 1   [ RunTime:0.0016s ]
SQL: SELECT AVG(bloodGlu) AS tp_avg FROM `yk_test` WHERE `devid` = 100811088 AND `bgState` = 1 LIMIT 1   [ RunTime:0.0016s ]
INFO: [ view_parse ] --START--
INFO: [ template_filter ] --START--
INFO: Run Behavior\ContentReplaceBehavior [ RunTime:0.000083s ]
INFO: [ template_filter ] --END-- [ RunTime:0.000162s ]
INFO: Run Behavior\ParseTemplateBehavior [ RunTime:0.011974s ]
INFO: [ view_parse ] --END-- [ RunTime:0.012064s ]
INFO: [ view_filter ] --START--
INFO: Run Behavior\WriteHtmlCacheBehavior [ RunTime:0.000598s ]
INFO: [ view_filter ] --END-- [ RunTime:0.000674s ]
INFO: [ app_end ] --START--
INFO: Run Behavior\ShowPageTraceBehavior [ RunTime:0.000791s ]
INFO: [ app_end ] --END-- [ RunTime:0.000865s ]

[ 2017-03-29T10:52:49+08:00 ] 123.151.40.34 /wechat/index.php/Pub/Suggest/beforeHighSerious?bloodGlu=20.3&time=2017-03-29%2010:52:00
INFO: [ app_init ] --START--
INFO: Run Behavior\BuildLiteBehavior [ RunTime:0.000024s ]
INFO: [ app_init ] --END-- [ RunTime:0.000472s ]
INFO: [ app_begin ] --START--
INFO: Run Behavior\ReadHtmlCacheBehavior [ RunTime:0.000684s ]
INFO: [ app_begin ] --END-- [ RunTime:0.000764s ]
NOTIC: [2048] Declaration of Pub\Controller\SuggestController::show() should be compatible with Think\Controller::show($content, $charset = '', $contentType = '', $prefix = '') D:\wwwroot\test_ykzp_com\wechat\Application\Pub\Controller\SuggestController.class.php 第 111 行.
INFO: [ view_parse ] --START--
INFO: [ template_filter ] --START--
INFO: Run Behavior\ContentReplaceBehavior [ RunTime:0.000091s ]
INFO: [ template_filter ] --END-- [ RunTime:0.000167s ]
INFO: Run Behavior\ParseTemplateBehavior [ RunTime:0.011142s ]
INFO: [ view_parse ] --END-- [ RunTime:0.011261s ]
INFO: [ view_filter ] --START--
INFO: Run Behavior\WriteHtmlCacheBehavior [ RunTime:0.000457s ]
INFO: [ view_filter ] --END-- [ RunTime:0.000542s ]
INFO: [ app_end ] --START--
INFO: Run Behavior\ShowPageTraceBehavior [ RunTime:0.000812s ]
INFO: [ app_end ] --END-- [ RunTime:0.000893s ]

[ 2017-03-29T14:30:45+08:00 ] 123.151.42.48 /wechat/index.php/Pub/Index/index?openid=o4qGOwObp4ag1lilToNMp-dyZ-bs
INFO: [ app_init ] --START--
INFO: Run Behavior\BuildLiteBehavior [ RunTime:0.000023s ]
INFO: [ app_init ] --END-- [ RunTime:0.000614s ]
INFO: [ app_begin ] --START--
INFO: Run Behavior\ReadHtmlCacheBehavior [ RunTime:0.001154s ]
INFO: [ app_begin ] --END-- [ RunTime:0.001233s ]
SQL: SELECT * FROM `yk_user` WHERE `openid` = 'o4qGOwObp4ag1lilToNMp-dyZ-bs' LIMIT 1   [ RunTime:0.0006s ]
SQL: SELECT * FROM `yk_test` WHERE ( devid=100811278 ) ORDER BY time DESC LIMIT 1   [ RunTime:0.0028s ]
SQL: SELECT MAX(bloodGlu) AS tp_max FROM `yk_test` WHERE `devid` = 100811278 AND `bgState` = 2 LIMIT 1   [ RunTime:0.0017s ]
SQL: SELECT MIN(bloodGlu) AS tp_min FROM `yk_test` WHERE `devid` = 100811278 AND `bgState` = 2 LIMIT 1   [ RunTime:0.0017s ]
SQL: SELECT AVG(bloodGlu) AS tp_avg FROM `yk_test` WHERE `devid` = 100811278 AND `bgState` = 2 LIMIT 1   [ RunTime:0.0017s ]
SQL: SELECT MAX(bloodGlu) AS tp_max FROM `yk_test` WHERE `devid` = 100811278 AND `bgState` = 1 LIMIT 1   [ RunTime:0.0016s ]
SQL: SELECT MIN(bloodGlu) AS tp_min FROM `yk_test` WHERE `devid` = 100811278 AND `bgState` = 1 LIMIT 1   [ RunTime:0.0017s ]
SQL: SELECT AVG(bloodGlu) AS tp_avg FROM `yk_test` WHERE `devid` = 100811278 AND `bgState` = 1 LIMIT 1   [ RunTime:0.0017s ]
INFO: [ view_parse ] --START--
INFO: [ template_filter ] --START--
INFO: Run Behavior\ContentReplaceBehavior [ RunTime:0.000093s ]
INFO: [ template_filter ] --END-- [ RunTime:0.000168s ]
INFO: Run Behavior\ParseTemplateBehavior [ RunTime:0.013202s ]
INFO: [ view_parse ] --END-- [ RunTime:0.013280s ]
INFO: [ view_filter ] --START--
INFO: Run Behavior\WriteHtmlCacheBehavior [ RunTime:0.001036s ]
INFO: [ view_filter ] --END-- [ RunTime:0.001101s ]
INFO: [ app_end ] --START--
INFO: Run Behavior\ShowPageTraceBehavior [ RunTime:0.001180s ]
INFO: [ app_end ] --END-- [ RunTime:0.001250s ]

[ 2017-03-29T14:53:43+08:00 ] 123.151.38.94 /wechat/index.php/Pub/Index/sular_text
INFO: [ app_init ] --START--
INFO: Run Behavior\BuildLiteBehavior [ RunTime:0.000022s ]
INFO: [ app_init ] --END-- [ RunTime:0.000607s ]
INFO: [ app_begin ] --START--
INFO: Run Behavior\ReadHtmlCacheBehavior [ RunTime:0.001159s ]
INFO: [ app_begin ] --END-- [ RunTime:0.001239s ]
INFO: [ view_parse ] --START--
INFO: [ template_filter ] --START--
INFO: Run Behavior\ContentReplaceBehavior [ RunTime:0.000157s ]
INFO: [ template_filter ] --END-- [ RunTime:0.000229s ]
INFO: Run Behavior\ParseTemplateBehavior [ RunTime:0.011032s ]
INFO: [ view_parse ] --END-- [ RunTime:0.011112s ]
INFO: [ view_filter ] --START--
INFO: Run Behavior\WriteHtmlCacheBehavior [ RunTime:0.000909s ]
INFO: [ view_filter ] --END-- [ RunTime:0.000973s ]
INFO: [ app_end ] --START--
INFO: Run Behavior\ShowPageTraceBehavior [ RunTime:0.001154s ]
INFO: [ app_end ] --END-- [ RunTime:0.001225s ]

[ 2017-03-29T14:53:49+08:00 ] 123.151.38.94 /wechat/index.php/Pub/Index/myhome?openid=o4qGOwOce3cCmNr4qOKGIid1Cb2I&headimgurl=http://wx.qlogo.cn/mmopen/66le6dqUInN2vr5tf0vOLTnNAlFISnvg2HvTIIT7LRXEsvcnc3fPLN5DEvomAPT0afmFiaaEa0TCuTicKq88nS4u59MiagI11R5/0
INFO: [ app_init ] --START--
INFO: Run Behavior\BuildLiteBehavior [ RunTime:0.000022s ]
INFO: [ app_init ] --END-- [ RunTime:0.000613s ]
INFO: [ app_begin ] --START--
INFO: Run Behavior\ReadHtmlCacheBehavior [ RunTime:0.001213s ]
INFO: [ app_begin ] --END-- [ RunTime:0.001293s ]
SQL: SELECT * FROM `yk_register` WHERE `openid` = 'o4qGOwOce3cCmNr4qOKGIid1Cb2I'  [ RunTime:0.0009s ]
INFO: [ view_parse ] --START--
INFO: [ template_filter ] --START--
INFO: Run Behavior\ContentReplaceBehavior [ RunTime:0.000073s ]
INFO: [ template_filter ] --END-- [ RunTime:0.000154s ]
INFO: Run Behavior\ParseTemplateBehavior [ RunTime:0.012323s ]
INFO: [ view_parse ] --END-- [ RunTime:0.012407s ]
INFO: [ view_filter ] --START--
INFO: Run Behavior\WriteHtmlCacheBehavior [ RunTime:0.000970s ]
INFO: [ view_filter ] --END-- [ RunTime:0.001036s ]
INFO: [ app_end ] --START--
INFO: Run Behavior\ShowPageTraceBehavior [ RunTime:0.001173s ]
INFO: [ app_end ] --END-- [ RunTime:0.001243s ]

[ 2017-03-29T14:53:50+08:00 ] 123.151.38.94 /wechat/index.php/Pub/Index/myhome?openid=o4qGOwOce3cCmNr4qOKGIid1Cb2I&headimgurl=http://wx.qlogo.cn/mmopen/66le6dqUInN2vr5tf0vOLTnNAlFISnvg2HvTIIT7LRXEsvcnc3fPLN5DEvomAPT0afmFiaaEa0TCuTicKq88nS4u59MiagI11R5/0
INFO: [ app_init ] --START--
INFO: Run Behavior\BuildLiteBehavior [ RunTime:0.000023s ]
INFO: [ app_init ] --END-- [ RunTime:0.000592s ]
INFO: [ app_begin ] --START--
INFO: Run Behavior\ReadHtmlCacheBehavior [ RunTime:0.001152s ]
INFO: [ app_begin ] --END-- [ RunTime:0.001231s ]
SQL: SELECT * FROM `yk_register` WHERE `openid` = 'o4qGOwOce3cCmNr4qOKGIid1Cb2I'  [ RunTime:0.0008s ]
INFO: [ view_parse ] --START--
INFO: [ template_filter ] --START--
INFO: Run Behavior\ContentReplaceBehavior [ RunTime:0.000070s ]
INFO: [ template_filter ] --END-- [ RunTime:0.000146s ]
INFO: Run Behavior\ParseTemplateBehavior [ RunTime:0.011749s ]
INFO: [ view_parse ] --END-- [ RunTime:0.011830s ]
INFO: [ view_filter ] --START--
INFO: Run Behavior\WriteHtmlCacheBehavior [ RunTime:0.001015s ]
INFO: [ view_filter ] --END-- [ RunTime:0.001091s ]
INFO: [ app_end ] --START--
INFO: Run Behavior\ShowPageTraceBehavior [ RunTime:0.001291s ]
INFO: [ app_end ] --END-- [ RunTime:0.001372s ]

[ 2017-03-29T14:53:55+08:00 ] 123.151.38.94 /wechat/index.php/Pub/Index/index?openid=o4qGOwOce3cCmNr4qOKGIid1Cb2I
INFO: [ app_init ] --START--
INFO: Run Behavior\BuildLiteBehavior [ RunTime:0.000022s ]
INFO: [ app_init ] --END-- [ RunTime:0.000586s ]
INFO: [ app_begin ] --START--
INFO: Run Behavior\ReadHtmlCacheBehavior [ RunTime:0.001249s ]
INFO: [ app_begin ] --END-- [ RunTime:0.001329s ]
SQL: SELECT * FROM `yk_user` WHERE `openid` = 'o4qGOwOce3cCmNr4qOKGIid1Cb2I' LIMIT 1   [ RunTime:0.0005s ]
SQL: SELECT * FROM `yk_test` WHERE ( devid=100810781 ) ORDER BY time DESC LIMIT 1   [ RunTime:0.0029s ]
SQL: SELECT MAX(bloodGlu) AS tp_max FROM `yk_test` WHERE `devid` = 100810781 AND `bgState` = 2 LIMIT 1   [ RunTime:0.0017s ]
SQL: SELECT MIN(bloodGlu) AS tp_min FROM `yk_test` WHERE `devid` = 100810781 AND `bgState` = 2 LIMIT 1   [ RunTime:0.0026s ]
SQL: SELECT AVG(bloodGlu) AS tp_avg FROM `yk_test` WHERE `devid` = 100810781 AND `bgState` = 2 LIMIT 1   [ RunTime:0.0017s ]
SQL: SELECT MAX(bloodGlu) AS tp_max FROM `yk_test` WHERE `devid` = 100810781 AND `bgState` = 1 LIMIT 1   [ RunTime:0.0016s ]
SQL: SELECT MIN(bloodGlu) AS tp_min FROM `yk_test` WHERE `devid` = 100810781 AND `bgState` = 1 LIMIT 1   [ RunTime:0.0017s ]
SQL: SELECT AVG(bloodGlu) AS tp_avg FROM `yk_test` WHERE `devid` = 100810781 AND `bgState` = 1 LIMIT 1   [ RunTime:0.0016s ]
INFO: [ view_parse ] --START--
INFO: [ template_filter ] --START--
INFO: Run Behavior\ContentReplaceBehavior [ RunTime:0.000085s ]
INFO: [ template_filter ] --END-- [ RunTime:0.000164s ]
INFO: Run Behavior\ParseTemplateBehavior [ RunTime:0.013601s ]
INFO: [ view_parse ] --END-- [ RunTime:0.013683s ]
INFO: [ view_filter ] --START--
INFO: Run Behavior\WriteHtmlCacheBehavior [ RunTime:0.000952s ]
INFO: [ view_filter ] --END-- [ RunTime:0.001015s ]
INFO: [ app_end ] --START--
INFO: Run Behavior\ShowPageTraceBehavior [ RunTime:0.001179s ]
INFO: [ app_end ] --END-- [ RunTime:0.001250s ]

[ 2017-03-29T14:54:00+08:00 ] 123.151.38.94 /wechat/index.php/Pub/index/cartogram/openid/o4qGOwOce3cCmNr4qOKGIid1Cb2I.html
INFO: [ app_init ] --START--
INFO: Run Behavior\BuildLiteBehavior [ RunTime:0.000023s ]
INFO: [ app_init ] --END-- [ RunTime:0.000599s ]
INFO: [ app_begin ] --START--
INFO: Run Behavior\ReadHtmlCacheBehavior [ RunTime:0.001197s ]
INFO: [ app_begin ] --END-- [ RunTime:0.001276s ]
SQL: SELECT * FROM `yk_user` WHERE `openid` = 'o4qGOwOce3cCmNr4qOKGIid1Cb2I' LIMIT 1   [ RunTime:0.0005s ]
SQL: SELECT * FROM `yk_test` WHERE `devid` = 100810781 AND ( `testTime` > '2017-03-29 00:00:00' AND `testTime` < '2017-03-29 23:59:59'  ) AND `bgState` = 2  [ RunTime:0.0027s ]
SQL: SELECT * FROM `yk_test` WHERE `devid` = 100810781 AND ( `testTime` > '2017-03-29 00:00:00' AND `testTime` < '2017-03-29 23:59:59'  ) AND `bgState` = 1  [ RunTime:0.0026s ]
NOTIC: [8] Undefined variable: dtimearr1 D:\wwwroot\test_ykzp_com\wechat\Application\Pub\Controller\IndexController.class.php 第 377 行.
NOTIC: [8] Undefined variable: dtimearr2 D:\wwwroot\test_ykzp_com\wechat\Application\Pub\Controller\IndexController.class.php 第 377 行.
NOTIC: [8] Undefined variable: dtimearr2 D:\wwwroot\test_ykzp_com\wechat\Application\Pub\Controller\IndexController.class.php 第 380 行.
SQL: SELECT * FROM `yk_test` WHERE ( `testTime` > '2017-03-01' AND `testTime` < '2017-03-31'  ) AND `devid` = 100810781 AND `bgState` = 2  [ RunTime:0.0028s ]
SQL: SELECT MAX(bloodGlu) AS tp_max FROM `yk_test` WHERE ( `testTime` > '2017-03-01' AND `testTime` < '2017-03-31'  ) AND `devid` = 100810781 AND `bgState` = 2 LIMIT 1   [ RunTime:0.0020s ]
SQL: SELECT MIN(bloodGlu) AS tp_min FROM `yk_test` WHERE ( `testTime` > '2017-03-01' AND `testTime` < '2017-03-31'  ) AND `devid` = 100810781 AND `bgState` = 2 LIMIT 1   [ RunTime:0.0019s ]
SQL: SELECT AVG(bloodGlu) AS tp_avg FROM `yk_test` WHERE ( `testTime` > '2017-03-01' AND `testTime` < '2017-03-31'  ) AND `devid` = 100810781 AND `bgState` = 2 LIMIT 1   [ RunTime:0.0019s ]
SQL: SELECT * FROM `yk_test` WHERE ( `testTime` > '2017-03-01' AND `testTime` < '2017-03-31'  ) AND `devid` = 100810781 AND `bgState` = 1  [ RunTime:0.0027s ]
SQL: SELECT MAX(bloodGlu) AS tp_max FROM `yk_test` WHERE ( `testTime` > '2017-03-01' AND `testTime` < '2017-03-31'  ) AND `devid` = 100810781 AND `bgState` = 1 LIMIT 1   [ RunTime:0.0018s ]
SQL: SELECT MIN(bloodGlu) AS tp_min FROM `yk_test` WHERE ( `testTime` > '2017-03-01' AND `testTime` < '2017-03-31'  ) AND `devid` = 100810781 AND `bgState` = 1 LIMIT 1   [ RunTime:0.0018s ]
SQL: SELECT AVG(bloodGlu) AS tp_avg FROM `yk_test` WHERE ( `testTime` > '2017-03-01' AND `testTime` < '2017-03-31'  ) AND `devid` = 100810781 AND `bgState` = 1 LIMIT 1   [ RunTime:0.0019s ]
SQL: SELECT * FROM `yk_test` WHERE ( `testTime` > '2017-03-23' AND `testTime` < '2017-03-29 14:54:00'  ) AND `devid` = 100810781  [ RunTime:0.0026s ]
SQL: SELECT * FROM `yk_test` WHERE ( `testTime` > '2017-01-01' AND `testTime` < '2017-03-29 14:54:00'  ) AND `devid` = 100810781 AND `bgState` = 2  [ RunTime:0.0028s ]
SQL: SELECT * FROM `yk_test` WHERE ( `testTime` > '2017-01-01' AND `testTime` < '2017-03-29 14:54:00'  ) AND `devid` = 100810781 AND `bgState` = 1  [ RunTime:0.0027s ]
INFO: [ view_parse ] --START--
INFO: [ template_filter ] --START--
INFO: Run Behavior\ContentReplaceBehavior [ RunTime:0.000148s ]
INFO: [ template_filter ] --END-- [ RunTime:0.000239s ]
INFO: Run Behavior\ParseTemplateBehavior [ RunTime:0.014673s ]
INFO: [ view_parse ] --END-- [ RunTime:0.014756s ]
INFO: [ view_filter ] --START--
INFO: Run Behavior\WriteHtmlCacheBehavior [ RunTime:0.000919s ]
INFO: [ view_filter ] --END-- [ RunTime:0.000984s ]
INFO: [ app_end ] --START--
INFO: Run Behavior\ShowPageTraceBehavior [ RunTime:0.001203s ]
INFO: [ app_end ] --END-- [ RunTime:0.001282s ]

[ 2017-03-29T15:01:13+08:00 ] 123.151.42.46 /wechat/index.php/Pub/Suggest/beforeHighSerious?bloodGlu=8.4&time=2017-03-29%2007:16:16
INFO: [ app_init ] --START--
INFO: Run Behavior\BuildLiteBehavior [ RunTime:0.000021s ]
INFO: [ app_init ] --END-- [ RunTime:0.000461s ]
INFO: [ app_begin ] --START--
INFO: Run Behavior\ReadHtmlCacheBehavior [ RunTime:0.000716s ]
INFO: [ app_begin ] --END-- [ RunTime:0.000795s ]
NOTIC: [2048] Declaration of Pub\Controller\SuggestController::show() should be compatible with Think\Controller::show($content, $charset = '', $contentType = '', $prefix = '') D:\wwwroot\test_ykzp_com\wechat\Application\Pub\Controller\SuggestController.class.php 第 111 行.
INFO: [ view_parse ] --START--
INFO: [ template_filter ] --START--
INFO: Run Behavior\ContentReplaceBehavior [ RunTime:0.000090s ]
INFO: [ template_filter ] --END-- [ RunTime:0.000181s ]
INFO: Run Behavior\ParseTemplateBehavior [ RunTime:0.010876s ]
INFO: [ view_parse ] --END-- [ RunTime:0.010956s ]
INFO: [ view_filter ] --START--
INFO: Run Behavior\WriteHtmlCacheBehavior [ RunTime:0.000451s ]
INFO: [ view_filter ] --END-- [ RunTime:0.000523s ]
INFO: [ app_end ] --START--
INFO: Run Behavior\ShowPageTraceBehavior [ RunTime:0.000817s ]
INFO: [ app_end ] --END-- [ RunTime:0.000887s ]

[ 2017-03-29T15:05:33+08:00 ] 123.151.40.34 /wechat/index.php/Pub/Index/index?openid=o4qGOwBJhxl72MNBnQVg4BMofIbM
INFO: [ app_init ] --START--
INFO: Run Behavior\BuildLiteBehavior [ RunTime:0.000021s ]
INFO: [ app_init ] --END-- [ RunTime:0.000471s ]
INFO: [ app_begin ] --START--
INFO: Run Behavior\ReadHtmlCacheBehavior [ RunTime:0.000642s ]
INFO: [ app_begin ] --END-- [ RunTime:0.000719s ]
SQL: SELECT * FROM `yk_user` WHERE `openid` = 'o4qGOwBJhxl72MNBnQVg4BMofIbM' LIMIT 1   [ RunTime:0.0006s ]
SQL: SELECT * FROM `yk_test` WHERE ( devid=100811150 ) ORDER BY time DESC LIMIT 1   [ RunTime:0.0029s ]
SQL: SELECT MAX(bloodGlu) AS tp_max FROM `yk_test` WHERE `devid` = 100811150 AND `bgState` = 2 LIMIT 1   [ RunTime:0.0017s ]
SQL: SELECT MIN(bloodGlu) AS tp_min FROM `yk_test` WHERE `devid` = 100811150 AND `bgState` = 2 LIMIT 1   [ RunTime:0.0017s ]
SQL: SELECT AVG(bloodGlu) AS tp_avg FROM `yk_test` WHERE `devid` = 100811150 AND `bgState` = 2 LIMIT 1   [ RunTime:0.0017s ]
SQL: SELECT MAX(bloodGlu) AS tp_max FROM `yk_test` WHERE `devid` = 100811150 AND `bgState` = 1 LIMIT 1   [ RunTime:0.0016s ]
SQL: SELECT MIN(bloodGlu) AS tp_min FROM `yk_test` WHERE `devid` = 100811150 AND `bgState` = 1 LIMIT 1   [ RunTime:0.0017s ]
SQL: SELECT AVG(bloodGlu) AS tp_avg FROM `yk_test` WHERE `devid` = 100811150 AND `bgState` = 1 LIMIT 1   [ RunTime:0.0017s ]
INFO: [ view_parse ] --START--
INFO: [ template_filter ] --START--
INFO: Run Behavior\ContentReplaceBehavior [ RunTime:0.000099s ]
INFO: [ template_filter ] --END-- [ RunTime:0.000173s ]
INFO: Run Behavior\ParseTemplateBehavior [ RunTime:0.020637s ]
INFO: [ view_parse ] --END-- [ RunTime:0.020729s ]
INFO: [ view_filter ] --START--
INFO: Run Behavior\WriteHtmlCacheBehavior [ RunTime:0.000418s ]
INFO: [ view_filter ] --END-- [ RunTime:0.000483s ]
INFO: [ app_end ] --START--
INFO: Run Behavior\ShowPageTraceBehavior [ RunTime:0.000636s ]
INFO: [ app_end ] --END-- [ RunTime:0.000705s ]

[ 2017-03-29T15:05:33+08:00 ] 123.151.40.34 /wechat/index.php/Pub/Index/index?openid=o4qGOwBJhxl72MNBnQVg4BMofIbM
INFO: [ app_init ] --START--
INFO: Run Behavior\BuildLiteBehavior [ RunTime:0.000022s ]
INFO: [ app_init ] --END-- [ RunTime:0.000431s ]
INFO: [ app_begin ] --START--
INFO: Run Behavior\ReadHtmlCacheBehavior [ RunTime:0.000526s ]
INFO: [ app_begin ] --END-- [ RunTime:0.000608s ]
SQL: SELECT * FROM `yk_user` WHERE `openid` = 'o4qGOwBJhxl72MNBnQVg4BMofIbM' LIMIT 1   [ RunTime:0.0005s ]
SQL: SELECT * FROM `yk_test` WHERE ( devid=100811150 ) ORDER BY time DESC LIMIT 1   [ RunTime:0.0028s ]
SQL: SELECT MAX(bloodGlu) AS tp_max FROM `yk_test` WHERE `devid` = 100811150 AND `bgState` = 2 LIMIT 1   [ RunTime:0.0019s ]
SQL: SELECT MIN(bloodGlu) AS tp_min FROM `yk_test` WHERE `devid` = 100811150 AND `bgState` = 2 LIMIT 1   [ RunTime:0.0018s ]
SQL: SELECT AVG(bloodGlu) AS tp_avg FROM `yk_test` WHERE `devid` = 100811150 AND `bgState` = 2 LIMIT 1   [ RunTime:0.0017s ]
SQL: SELECT MAX(bloodGlu) AS tp_max FROM `yk_test` WHERE `devid` = 100811150 AND `bgState` = 1 LIMIT 1   [ RunTime:0.0017s ]
SQL: SELECT MIN(bloodGlu) AS tp_min FROM `yk_test` WHERE `devid` = 100811150 AND `bgState` = 1 LIMIT 1   [ RunTime:0.0017s ]
SQL: SELECT AVG(bloodGlu) AS tp_avg FROM `yk_test` WHERE `devid` = 100811150 AND `bgState` = 1 LIMIT 1   [ RunTime:0.0017s ]
INFO: [ view_parse ] --START--
INFO: [ template_filter ] --START--
INFO: Run Behavior\ContentReplaceBehavior [ RunTime:0.000084s ]
INFO: [ template_filter ] --END-- [ RunTime:0.000157s ]
INFO: Run Behavior\ParseTemplateBehavior [ RunTime:0.010369s ]
INFO: [ view_parse ] --END-- [ RunTime:0.010446s ]
INFO: [ view_filter ] --START--
INFO: Run Behavior\WriteHtmlCacheBehavior [ RunTime:0.000259s ]
INFO: [ view_filter ] --END-- [ RunTime:0.000322s ]
INFO: [ app_end ] --START--
INFO: Run Behavior\ShowPageTraceBehavior [ RunTime:0.000674s ]
INFO: [ app_end ] --END-- [ RunTime:0.000744s ]

[ 2017-03-29T15:05:50+08:00 ] 123.151.40.40 /wechat/index.php/Pub/Index/myhome?openid=o4qGOwH9LypSrQ_Nyxyto70TcO1s&headimgurl=http://wx.qlogo.cn/mmopen/GOC0e7uHd1l0IdMepMLRKJAR3L69Gd27vyHNU6xlX7fiazuEB4nbURfjTtjxqh8Bmvu95UzIHR2neXfrFyfDEuIdzN1ibITiaZib/0
INFO: [ app_init ] --START--
INFO: Run Behavior\BuildLiteBehavior [ RunTime:0.000023s ]
INFO: [ app_init ] --END-- [ RunTime:0.000431s ]
INFO: [ app_begin ] --START--
INFO: Run Behavior\ReadHtmlCacheBehavior [ RunTime:0.000624s ]
INFO: [ app_begin ] --END-- [ RunTime:0.000718s ]
SQL: SELECT * FROM `yk_register` WHERE `openid` = 'o4qGOwH9LypSrQ_Nyxyto70TcO1s'  [ RunTime:0.0010s ]
INFO: [ view_parse ] --START--
INFO: [ template_filter ] --START--
INFO: Run Behavior\ContentReplaceBehavior [ RunTime:0.000116s ]
INFO: [ template_filter ] --END-- [ RunTime:0.000245s ]
INFO: Run Behavior\ParseTemplateBehavior [ RunTime:0.010647s ]
INFO: [ view_parse ] --END-- [ RunTime:0.010755s ]
INFO: [ view_filter ] --START--
INFO: Run Behavior\WriteHtmlCacheBehavior [ RunTime:0.000479s ]
INFO: [ view_filter ] --END-- [ RunTime:0.000586s ]
INFO: [ app_end ] --START--
INFO: Run Behavior\ShowPageTraceBehavior [ RunTime:0.000543s ]
INFO: [ app_end ] --END-- [ RunTime:0.000616s ]

[ 2017-03-29T15:05:52+08:00 ] 123.126.126.125 /wechat/index.php/Pub/Index/myhome?openid=o4qGOwH9LypSrQ_Nyxyto70TcO1s&headimgurl=http://wx.qlogo.cn/mmopen/GOC0e7uHd1l0IdMepMLRKJAR3L69Gd27vyHNU6xlX7fiazuEB4nbURfjTtjxqh8Bmvu95UzIHR2neXfrFyfDEuIdzN1ibITiaZib/0
INFO: [ app_init ] --START--
INFO: Run Behavior\BuildLiteBehavior [ RunTime:0.000022s ]
INFO: [ app_init ] --END-- [ RunTime:0.000408s ]
INFO: [ app_begin ] --START--
INFO: Run Behavior\ReadHtmlCacheBehavior [ RunTime:0.000512s ]
INFO: [ app_begin ] --END-- [ RunTime:0.000589s ]
SQL: SELECT * FROM `yk_register` WHERE `openid` = 'o4qGOwH9LypSrQ_Nyxyto70TcO1s'  [ RunTime:0.0008s ]
INFO: [ view_parse ] --START--
INFO: [ template_filter ] --START--
INFO: Run Behavior\ContentReplaceBehavior [ RunTime:0.000074s ]
INFO: [ template_filter ] --END-- [ RunTime:0.000150s ]
INFO: Run Behavior\ParseTemplateBehavior [ RunTime:0.009588s ]
INFO: [ view_parse ] --END-- [ RunTime:0.009686s ]
INFO: [ view_filter ] --START--
INFO: Run Behavior\WriteHtmlCacheBehavior [ RunTime:0.000407s ]
INFO: [ view_filter ] --END-- [ RunTime:0.000490s ]
INFO: [ app_end ] --START--
INFO: Run Behavior\ShowPageTraceBehavior [ RunTime:0.000746s ]
INFO: [ app_end ] --END-- [ RunTime:0.000855s ]

[ 2017-03-29T15:06:12+08:00 ] 123.151.40.40 /wechat/index.php/Pub/Index/myhome?openid=o4qGOwH9LypSrQ_Nyxyto70TcO1s&headimgurl=http://wx.qlogo.cn/mmopen/GOC0e7uHd1l0IdMepMLRKJAR3L69Gd27vyHNU6xlX7fiazuEB4nbURfjTtjxqh8Bmvu95UzIHR2neXfrFyfDEuIdzN1ibITiaZib/0
INFO: [ app_init ] --START--
INFO: Run Behavior\BuildLiteBehavior [ RunTime:0.000022s ]
INFO: [ app_init ] --END-- [ RunTime:0.000420s ]
INFO: [ app_begin ] --START--
INFO: Run Behavior\ReadHtmlCacheBehavior [ RunTime:0.000516s ]
INFO: [ app_begin ] --END-- [ RunTime:0.000596s ]
SQL: SELECT * FROM `yk_register` WHERE `openid` = 'o4qGOwH9LypSrQ_Nyxyto70TcO1s'  [ RunTime:0.0008s ]
INFO: [ view_parse ] --START--
INFO: [ template_filter ] --START--
INFO: Run Behavior\ContentReplaceBehavior [ RunTime:0.000074s ]
INFO: [ template_filter ] --END-- [ RunTime:0.000154s ]
INFO: Run Behavior\ParseTemplateBehavior [ RunTime:0.009332s ]
INFO: [ view_parse ] --END-- [ RunTime:0.009428s ]
INFO: [ view_filter ] --START--
INFO: Run Behavior\WriteHtmlCacheBehavior [ RunTime:0.000348s ]
INFO: [ view_filter ] --END-- [ RunTime:0.000438s ]
INFO: [ app_end ] --START--
INFO: Run Behavior\ShowPageTraceBehavior [ RunTime:0.000704s ]
INFO: [ app_end ] --END-- [ RunTime:0.000800s ]

[ 2017-03-29T15:06:24+08:00 ] 123.151.40.34 /wechat/index.php/Pub/Index/index?openid=o4qGOwBJhxl72MNBnQVg4BMofIbM
INFO: [ app_init ] --START--
INFO: Run Behavior\BuildLiteBehavior [ RunTime:0.000028s ]
INFO: [ app_init ] --END-- [ RunTime:0.000486s ]
INFO: [ app_begin ] --START--
INFO: Run Behavior\ReadHtmlCacheBehavior [ RunTime:0.000527s ]
INFO: [ app_begin ] --END-- [ RunTime:0.000605s ]
SQL: SELECT * FROM `yk_user` WHERE `openid` = 'o4qGOwBJhxl72MNBnQVg4BMofIbM' LIMIT 1   [ RunTime:0.0005s ]
SQL: SELECT * FROM `yk_test` WHERE ( devid=100811150 ) ORDER BY time DESC LIMIT 1   [ RunTime:0.0028s ]
SQL: SELECT MAX(bloodGlu) AS tp_max FROM `yk_test` WHERE `devid` = 100811150 AND `bgState` = 2 LIMIT 1   [ RunTime:0.0017s ]
SQL: SELECT MIN(bloodGlu) AS tp_min FROM `yk_test` WHERE `devid` = 100811150 AND `bgState` = 2 LIMIT 1   [ RunTime:0.0019s ]
SQL: SELECT AVG(bloodGlu) AS tp_avg FROM `yk_test` WHERE `devid` = 100811150 AND `bgState` = 2 LIMIT 1   [ RunTime:0.0018s ]
SQL: SELECT MAX(bloodGlu) AS tp_max FROM `yk_test` WHERE `devid` = 100811150 AND `bgState` = 1 LIMIT 1   [ RunTime:0.0020s ]
SQL: SELECT MIN(bloodGlu) AS tp_min FROM `yk_test` WHERE `devid` = 100811150 AND `bgState` = 1 LIMIT 1   [ RunTime:0.0017s ]
SQL: SELECT AVG(bloodGlu) AS tp_avg FROM `yk_test` WHERE `devid` = 100811150 AND `bgState` = 1 LIMIT 1   [ RunTime:0.0017s ]
INFO: [ view_parse ] --START--
INFO: [ template_filter ] --START--
INFO: Run Behavior\ContentReplaceBehavior [ RunTime:0.000096s ]
INFO: [ template_filter ] --END-- [ RunTime:0.000175s ]
INFO: Run Behavior\ParseTemplateBehavior [ RunTime:0.010742s ]
INFO: [ view_parse ] --END-- [ RunTime:0.010821s ]
INFO: [ view_filter ] --START--
INFO: Run Behavior\WriteHtmlCacheBehavior [ RunTime:0.000273s ]
INFO: [ view_filter ] --END-- [ RunTime:0.000336s ]
INFO: [ app_end ] --START--
INFO: Run Behavior\ShowPageTraceBehavior [ RunTime:0.000750s ]
INFO: [ app_end ] --END-- [ RunTime:0.000851s ]

[ 2017-03-29T15:06:43+08:00 ] 123.151.40.34 /wechat/index.php/Pub/Index/index?openid=o4qGOwBJhxl72MNBnQVg4BMofIbM
INFO: [ app_init ] --START--
INFO: Run Behavior\BuildLiteBehavior [ RunTime:0.000021s ]
INFO: [ app_init ] --END-- [ RunTime:0.000409s ]
INFO: [ app_begin ] --START--
INFO: Run Behavior\ReadHtmlCacheBehavior [ RunTime:0.000513s ]
INFO: [ app_begin ] --END-- [ RunTime:0.000592s ]
SQL: SELECT * FROM `yk_user` WHERE `openid` = 'o4qGOwBJhxl72MNBnQVg4BMofIbM' LIMIT 1   [ RunTime:0.0006s ]
SQL: SELECT * FROM `yk_test` WHERE ( devid=100811150 ) ORDER BY time DESC LIMIT 1   [ RunTime:0.0028s ]
SQL: SELECT MAX(bloodGlu) AS tp_max FROM `yk_test` WHERE `devid` = 100811150 AND `bgState` = 2 LIMIT 1   [ RunTime:0.0018s ]
SQL: SELECT MIN(bloodGlu) AS tp_min FROM `yk_test` WHERE `devid` = 100811150 AND `bgState` = 2 LIMIT 1   [ RunTime:0.0019s ]
SQL: SELECT AVG(bloodGlu) AS tp_avg FROM `yk_test` WHERE `devid` = 100811150 AND `bgState` = 2 LIMIT 1   [ RunTime:0.0019s ]
SQL: SELECT MAX(bloodGlu) AS tp_max FROM `yk_test` WHERE `devid` = 100811150 AND `bgState` = 1 LIMIT 1   [ RunTime:0.0017s ]
SQL: SELECT MIN(bloodGlu) AS tp_min FROM `yk_test` WHERE `devid` = 100811150 AND `bgState` = 1 LIMIT 1   [ RunTime:0.0017s ]
SQL: SELECT AVG(bloodGlu) AS tp_avg FROM `yk_test` WHERE `devid` = 100811150 AND `bgState` = 1 LIMIT 1   [ RunTime:0.0018s ]
INFO: [ view_parse ] --START--
INFO: [ template_filter ] --START--
INFO: Run Behavior\ContentReplaceBehavior [ RunTime:0.000086s ]
INFO: [ template_filter ] --END-- [ RunTime:0.000167s ]
INFO: Run Behavior\ParseTemplateBehavior [ RunTime:0.010738s ]
INFO: [ view_parse ] --END-- [ RunTime:0.010825s ]
INFO: [ view_filter ] --START--
INFO: Run Behavior\WriteHtmlCacheBehavior [ RunTime:0.000288s ]
INFO: [ view_filter ] --END-- [ RunTime:0.000360s ]
INFO: [ app_end ] --START--
INFO: Run Behavior\ShowPageTraceBehavior [ RunTime:0.000548s ]
INFO: [ app_end ] --END-- [ RunTime:0.000619s ]

[ 2017-03-29T15:07:01+08:00 ] 123.151.40.34 /wechat/index.php/Pub/Index/index?openid=o4qGOwBJhxl72MNBnQVg4BMofIbM
INFO: [ app_init ] --START--
INFO: Run Behavior\BuildLiteBehavior [ RunTime:0.000023s ]
INFO: [ app_init ] --END-- [ RunTime:0.000427s ]
INFO: [ app_begin ] --START--
INFO: Run Behavior\ReadHtmlCacheBehavior [ RunTime:0.000552s ]
INFO: [ app_begin ] --END-- [ RunTime:0.000629s ]
SQL: SELECT * FROM `yk_user` WHERE `openid` = 'o4qGOwBJhxl72MNBnQVg4BMofIbM' LIMIT 1   [ RunTime:0.0005s ]
SQL: SELECT * FROM `yk_test` WHERE ( devid=100811150 ) ORDER BY time DESC LIMIT 1   [ RunTime:0.0028s ]
SQL: SELECT MAX(bloodGlu) AS tp_max FROM `yk_test` WHERE `devid` = 100811150 AND `bgState` = 2 LIMIT 1   [ RunTime:0.0017s ]
SQL: SELECT MIN(bloodGlu) AS tp_min FROM `yk_test` WHERE `devid` = 100811150 AND `bgState` = 2 LIMIT 1   [ RunTime:0.0017s ]
SQL: SELECT AVG(bloodGlu) AS tp_avg FROM `yk_test` WHERE `devid` = 100811150 AND `bgState` = 2 LIMIT 1   [ RunTime:0.0019s ]
SQL: SELECT MAX(bloodGlu) AS tp_max FROM `yk_test` WHERE `devid` = 100811150 AND `bgState` = 1 LIMIT 1   [ RunTime:0.0017s ]
SQL: SELECT MIN(bloodGlu) AS tp_min FROM `yk_test` WHERE `devid` = 100811150 AND `bgState` = 1 LIMIT 1   [ RunTime:0.0017s ]
SQL: SELECT AVG(bloodGlu) AS tp_avg FROM `yk_test` WHERE `devid` = 100811150 AND `bgState` = 1 LIMIT 1   [ RunTime:0.0019s ]
INFO: [ view_parse ] --START--
INFO: [ template_filter ] --START--
INFO: Run Behavior\ContentReplaceBehavior [ RunTime:0.000089s ]
INFO: [ template_filter ] --END-- [ RunTime:0.000180s ]
INFO: Run Behavior\ParseTemplateBehavior [ RunTime:0.012348s ]
INFO: [ view_parse ] --END-- [ RunTime:0.012458s ]
INFO: [ view_filter ] --START--
INFO: Run Behavior\WriteHtmlCacheBehavior [ RunTime:0.000299s ]
INFO: [ view_filter ] --END-- [ RunTime:0.000364s ]
INFO: [ app_end ] --START--
INFO: Run Behavior\ShowPageTraceBehavior [ RunTime:0.000537s ]
INFO: [ app_end ] --END-- [ RunTime:0.000609s ]

[ 2017-03-29T15:07:13+08:00 ] 123.126.124.148 /wechat/index.php/Pub/Index/sular_text
INFO: [ app_init ] --START--
INFO: Run Behavior\BuildLiteBehavior [ RunTime:0.000021s ]
INFO: [ app_init ] --END-- [ RunTime:0.000416s ]
INFO: [ app_begin ] --START--
INFO: Run Behavior\ReadHtmlCacheBehavior [ RunTime:0.000512s ]
INFO: [ app_begin ] --END-- [ RunTime:0.000590s ]
INFO: [ view_parse ] --START--
INFO: [ template_filter ] --START--
INFO: Run Behavior\ContentReplaceBehavior [ RunTime:0.000146s ]
INFO: [ template_filter ] --END-- [ RunTime:0.000221s ]
INFO: Run Behavior\ParseTemplateBehavior [ RunTime:0.008592s ]
INFO: [ view_parse ] --END-- [ RunTime:0.008668s ]
INFO: [ view_filter ] --START--
INFO: Run Behavior\WriteHtmlCacheBehavior [ RunTime:0.000253s ]
INFO: [ view_filter ] --END-- [ RunTime:0.000319s ]
INFO: [ app_end ] --START--
INFO: Run Behavior\ShowPageTraceBehavior [ RunTime:0.000517s ]
INFO: [ app_end ] --END-- [ RunTime:0.000583s ]

[ 2017-03-29T15:09:08+08:00 ] 123.151.40.34 /wechat/index.php/Pub/Suggest/afterHight?bloodGlu=9.3&time=2017-03-29%2008:46:19
INFO: [ app_init ] --START--
INFO: Run Behavior\BuildLiteBehavior [ RunTime:0.000035s ]
INFO: [ app_init ] --END-- [ RunTime:0.000584s ]
INFO: [ app_begin ] --START--
INFO: Run Behavior\ReadHtmlCacheBehavior [ RunTime:0.000736s ]
INFO: [ app_begin ] --END-- [ RunTime:0.000839s ]
NOTIC: [2048] Declaration of Pub\Controller\SuggestController::show() should be compatible with Think\Controller::show($content, $charset = '', $contentType = '', $prefix = '') D:\wwwroot\test_ykzp_com\wechat\Application\Pub\Controller\SuggestController.class.php 第 111 行.
INFO: [ view_parse ] --START--
INFO: [ template_filter ] --START--
INFO: Run Behavior\ContentReplaceBehavior [ RunTime:0.000133s ]
INFO: [ template_filter ] --END-- [ RunTime:0.000237s ]
INFO: Run Behavior\ParseTemplateBehavior [ RunTime:0.010868s ]
INFO: [ view_parse ] --END-- [ RunTime:0.010977s ]
INFO: [ view_filter ] --START--
INFO: Run Behavior\WriteHtmlCacheBehavior [ RunTime:0.000377s ]
INFO: [ view_filter ] --END-- [ RunTime:0.000460s ]
INFO: [ app_end ] --START--
INFO: Run Behavior\ShowPageTraceBehavior [ RunTime:0.000511s ]
INFO: [ app_end ] --END-- [ RunTime:0.000578s ]

[ 2017-03-29T15:53:29+08:00 ] 223.104.3.178 /wechat/index.php/Pub/Suggest/afterHight?bloodGlu=9.6&time=2017-03-29%2015:53:16
INFO: [ app_init ] --START--
INFO: Run Behavior\BuildLiteBehavior [ RunTime:0.000026s ]
INFO: [ app_init ] --END-- [ RunTime:0.000445s ]
INFO: [ app_begin ] --START--
INFO: Run Behavior\ReadHtmlCacheBehavior [ RunTime:0.000741s ]
INFO: [ app_begin ] --END-- [ RunTime:0.000835s ]
NOTIC: [2048] Declaration of Pub\Controller\SuggestController::show() should be compatible with Think\Controller::show($content, $charset = '', $contentType = '', $prefix = '') D:\wwwroot\test_ykzp_com\wechat\Application\Pub\Controller\SuggestController.class.php 第 111 行.
INFO: [ view_parse ] --START--
INFO: [ template_filter ] --START--
INFO: Run Behavior\ContentReplaceBehavior [ RunTime:0.000101s ]
INFO: [ template_filter ] --END-- [ RunTime:0.000177s ]
INFO: Run Behavior\ParseTemplateBehavior [ RunTime:0.010391s ]
INFO: [ view_parse ] --END-- [ RunTime:0.010470s ]
INFO: [ view_filter ] --START--
INFO: Run Behavior\WriteHtmlCacheBehavior [ RunTime:0.000416s ]
INFO: [ view_filter ] --END-- [ RunTime:0.000487s ]
INFO: [ app_end ] --START--
INFO: Run Behavior\ShowPageTraceBehavior [ RunTime:0.000526s ]
INFO: [ app_end ] --END-- [ RunTime:0.000593s ]

[ 2017-03-29T16:25:09+08:00 ] 123.151.38.94 /wechat/index.php/Pub/Suggest/afterHight?bloodGlu=8.1&time=2017-03-29%2016:24:15
INFO: [ app_init ] --START--
INFO: Run Behavior\BuildLiteBehavior [ RunTime:0.000022s ]
INFO: [ app_init ] --END-- [ RunTime:0.000545s ]
INFO: [ app_begin ] --START--
INFO: Run Behavior\ReadHtmlCacheBehavior [ RunTime:0.000706s ]
INFO: [ app_begin ] --END-- [ RunTime:0.000786s ]
NOTIC: [2048] Declaration of Pub\Controller\SuggestController::show() should be compatible with Think\Controller::show($content, $charset = '', $contentType = '', $prefix = '') D:\wwwroot\test_ykzp_com\wechat\Application\Pub\Controller\SuggestController.class.php 第 111 行.
INFO: [ view_parse ] --START--
INFO: [ template_filter ] --START--
INFO: Run Behavior\ContentReplaceBehavior [ RunTime:0.000097s ]
INFO: [ template_filter ] --END-- [ RunTime:0.000181s ]
INFO: Run Behavior\ParseTemplateBehavior [ RunTime:0.011762s ]
INFO: [ view_parse ] --END-- [ RunTime:0.011881s ]
INFO: [ view_filter ] --START--
INFO: Run Behavior\WriteHtmlCacheBehavior [ RunTime:0.000693s ]
INFO: [ view_filter ] --END-- [ RunTime:0.000787s ]
INFO: [ app_end ] --START--
INFO: Run Behavior\ShowPageTraceBehavior [ RunTime:0.000966s ]
INFO: [ app_end ] --END-- [ RunTime:0.001069s ]

[ 2017-03-29T16:36:44+08:00 ] 115.171.22.203 /wechat/index.php/Pub/Index/register?openid=o4qGOwDZNG9mmsqzGeIRYGm-Q_CQ
INFO: [ app_init ] --START--
INFO: Run Behavior\BuildLiteBehavior [ RunTime:0.000031s ]
INFO: [ app_init ] --END-- [ RunTime:0.000430s ]
INFO: [ app_begin ] --START--
INFO: Run Behavior\ReadHtmlCacheBehavior [ RunTime:0.000688s ]
INFO: [ app_begin ] --END-- [ RunTime:0.000783s ]
SQL: SELECT * FROM `yk_shop`  [ RunTime:0.0005s ]
INFO: [ view_parse ] --START--
INFO: [ template_filter ] --START--
INFO: Run Behavior\ContentReplaceBehavior [ RunTime:0.000117s ]
INFO: [ template_filter ] --END-- [ RunTime:0.000194s ]
INFO: Run Behavior\ParseTemplateBehavior [ RunTime:0.011017s ]
INFO: [ view_parse ] --END-- [ RunTime:0.011096s ]
INFO: [ view_filter ] --START--
INFO: Run Behavior\WriteHtmlCacheBehavior [ RunTime:0.000414s ]
INFO: [ view_filter ] --END-- [ RunTime:0.000477s ]
INFO: [ app_end ] --START--
INFO: Run Behavior\ShowPageTraceBehavior [ RunTime:0.000621s ]
INFO: [ app_end ] --END-- [ RunTime:0.000691s ]

[ 2017-03-29T16:40:16+08:00 ] 123.119.201.18 /wechat/index.php/Pub/Index/register?openid=o4qGOwDZNG9mmsqzGeIRYGm-Q_CQ
INFO: [ app_init ] --START--
INFO: Run Behavior\BuildLiteBehavior [ RunTime:0.000023s ]
INFO: [ app_init ] --END-- [ RunTime:0.000659s ]
INFO: [ app_begin ] --START--
INFO: Run Behavior\ReadHtmlCacheBehavior [ RunTime:0.000732s ]
INFO: [ app_begin ] --END-- [ RunTime:0.000811s ]
SQL: SELECT * FROM `yk_shop`  [ RunTime:0.0006s ]
INFO: [ view_parse ] --START--
INFO: [ template_filter ] --START--
INFO: Run Behavior\ContentReplaceBehavior [ RunTime:0.000102s ]
INFO: [ template_filter ] --END-- [ RunTime:0.000179s ]
INFO: Run Behavior\ParseTemplateBehavior [ RunTime:0.010423s ]
INFO: [ view_parse ] --END-- [ RunTime:0.010504s ]
INFO: [ view_filter ] --START--
INFO: Run Behavior\WriteHtmlCacheBehavior [ RunTime:0.000468s ]
INFO: [ view_filter ] --END-- [ RunTime:0.000533s ]
INFO: [ app_end ] --START--
INFO: Run Behavior\ShowPageTraceBehavior [ RunTime:0.000686s ]
INFO: [ app_end ] --END-- [ RunTime:0.000775s ]

[ 2017-03-29T16:40:37+08:00 ] 1.15.30.248 /wechat/index.php/Pub/Suggest/afterHight?bloodGlu=8.4&time=2017-03-27%2019:59:35
INFO: [ app_init ] --START--
INFO: Run Behavior\BuildLiteBehavior [ RunTime:0.000025s ]
INFO: [ app_init ] --END-- [ RunTime:0.000440s ]
INFO: [ app_begin ] --START--
INFO: Run Behavior\ReadHtmlCacheBehavior [ RunTime:0.000665s ]
INFO: [ app_begin ] --END-- [ RunTime:0.000750s ]
NOTIC: [2048] Declaration of Pub\Controller\SuggestController::show() should be compatible with Think\Controller::show($content, $charset = '', $contentType = '', $prefix = '') D:\wwwroot\test_ykzp_com\wechat\Application\Pub\Controller\SuggestController.class.php 第 111 行.
INFO: [ view_parse ] --START--
INFO: [ template_filter ] --START--
INFO: Run Behavior\ContentReplaceBehavior [ RunTime:0.000094s ]
INFO: [ template_filter ] --END-- [ RunTime:0.000186s ]
INFO: Run Behavior\ParseTemplateBehavior [ RunTime:0.010681s ]
INFO: [ view_parse ] --END-- [ RunTime:0.010787s ]
INFO: [ view_filter ] --START--
INFO: Run Behavior\WriteHtmlCacheBehavior [ RunTime:0.000417s ]
INFO: [ view_filter ] --END-- [ RunTime:0.000503s ]
INFO: [ app_end ] --START--
INFO: Run Behavior\ShowPageTraceBehavior [ RunTime:0.000624s ]
INFO: [ app_end ] --END-- [ RunTime:0.000692s ]

[ 2017-03-29T16:41:30+08:00 ] 123.119.201.18 /wechat/index.php/Pub/Index/register?openid=o4qGOwDZNG9mmsqzGeIRYGm-Q_CQ
INFO: [ app_init ] --START--
INFO: Run Behavior\BuildLiteBehavior [ RunTime:0.000021s ]
INFO: [ app_init ] --END-- [ RunTime:0.000487s ]
INFO: [ app_begin ] --START--
INFO: Run Behavior\ReadHtmlCacheBehavior [ RunTime:0.000686s ]
INFO: [ app_begin ] --END-- [ RunTime:0.000766s ]
SQL: SELECT * FROM `yk_shop`  [ RunTime:0.0006s ]
SQL: SELECT * FROM `yk_register` WHERE `openid` = 'o4qGOwDZNG9mmsqzGeIRYGm-Q_CQ' LIMIT 1   [ RunTime:0.0007s ]
NOTIC: [8] Undefined index: validate D:\wwwroot\test_ykzp_com\wechat\ThinkPHP\Library\Think\Model.class.php 第 1185 行.
NOTIC: [8] Undefined index: auto D:\wwwroot\test_ykzp_com\wechat\ThinkPHP\Library\Think\Model.class.php 第 1128 行.
SQL: INSERT INTO `yk_register` (`openid`,`tel`,`user`,`sex`,`connection`,`province`,`city`,`area`,`addres`,`shop`) VALUES ('o4qGOwDZNG9mmsqzGeIRYGm-Q_CQ','13661334998','孙玉凤','女','自己','北京市','北京市','海淀区','八宝庄6号楼7门302','3') [ RunTime:0.0041s ]

[ 2017-03-29T16:41:44+08:00 ] 123.119.201.18 /wechat/index.php/Pub/Index/regis.html
INFO: [ app_init ] --START--
INFO: Run Behavior\BuildLiteBehavior [ RunTime:0.000022s ]
INFO: [ app_init ] --END-- [ RunTime:0.000437s ]
INFO: [ app_begin ] --START--
INFO: Run Behavior\ReadHtmlCacheBehavior [ RunTime:0.000636s ]
INFO: [ app_begin ] --END-- [ RunTime:0.000715s ]
INFO: [ view_parse ] --START--
INFO: [ template_filter ] --START--
INFO: Run Behavior\ContentReplaceBehavior [ RunTime:0.000056s ]
INFO: [ template_filter ] --END-- [ RunTime:0.000136s ]
INFO: Run Behavior\ParseTemplateBehavior [ RunTime:0.007015s ]
INFO: [ view_parse ] --END-- [ RunTime:0.007097s ]
INFO: [ view_filter ] --START--
INFO: Run Behavior\WriteHtmlCacheBehavior [ RunTime:0.000470s ]
INFO: [ view_filter ] --END-- [ RunTime:0.000549s ]
INFO: [ app_end ] --START--
INFO: Run Behavior\ShowPageTraceBehavior [ RunTime:0.000667s ]
INFO: [ app_end ] --END-- [ RunTime:0.000735s ]

[ 2017-03-29T16:52:27+08:00 ] 1.12.239.44 /wechat/index.php/Pub/Index/index?openid=o4qGOwNvehGaj3jVOhA_-Y8VQCvE
INFO: [ app_init ] --START--
INFO: Run Behavior\BuildLiteBehavior [ RunTime:0.000022s ]
INFO: [ app_init ] --END-- [ RunTime:0.000409s ]
INFO: [ app_begin ] --START--
INFO: Run Behavior\ReadHtmlCacheBehavior [ RunTime:0.000772s ]
INFO: [ app_begin ] --END-- [ RunTime:0.000872s ]
SQL: SELECT * FROM `yk_user` WHERE `openid` = 'o4qGOwNvehGaj3jVOhA_-Y8VQCvE' LIMIT 1   [ RunTime:0.0006s ]
SQL: SELECT * FROM `yk_test` WHERE ( devid=100811204 ) ORDER BY time DESC LIMIT 1   [ RunTime:0.0028s ]
SQL: SELECT MAX(bloodGlu) AS tp_max FROM `yk_test` WHERE `devid` = 100811204 AND `bgState` = 2 LIMIT 1   [ RunTime:0.0022s ]
SQL: SELECT MIN(bloodGlu) AS tp_min FROM `yk_test` WHERE `devid` = 100811204 AND `bgState` = 2 LIMIT 1   [ RunTime:0.0018s ]
SQL: SELECT AVG(bloodGlu) AS tp_avg FROM `yk_test` WHERE `devid` = 100811204 AND `bgState` = 2 LIMIT 1   [ RunTime:0.0018s ]
SQL: SELECT MAX(bloodGlu) AS tp_max FROM `yk_test` WHERE `devid` = 100811204 AND `bgState` = 1 LIMIT 1   [ RunTime:0.0017s ]
SQL: SELECT MIN(bloodGlu) AS tp_min FROM `yk_test` WHERE `devid` = 100811204 AND `bgState` = 1 LIMIT 1   [ RunTime:0.0017s ]
SQL: SELECT AVG(bloodGlu) AS tp_avg FROM `yk_test` WHERE `devid` = 100811204 AND `bgState` = 1 LIMIT 1   [ RunTime:0.0016s ]
INFO: [ view_parse ] --START--
INFO: [ template_filter ] --START--
INFO: Run Behavior\ContentReplaceBehavior [ RunTime:0.000086s ]
INFO: [ template_filter ] --END-- [ RunTime:0.000161s ]
INFO: Run Behavior\ParseTemplateBehavior [ RunTime:0.011894s ]
INFO: [ view_parse ] --END-- [ RunTime:0.011976s ]
INFO: [ view_filter ] --START--
INFO: Run Behavior\WriteHtmlCacheBehavior [ RunTime:0.000419s ]
INFO: [ view_filter ] --END-- [ RunTime:0.000483s ]
INFO: [ app_end ] --START--
INFO: Run Behavior\ShowPageTraceBehavior [ RunTime:0.000634s ]
INFO: [ app_end ] --END-- [ RunTime:0.000701s ]

[ 2017-03-29T16:59:18+08:00 ] 123.151.38.94 /wechat/index.php/Pub/Index/myhome?openid=o4qGOwOce3cCmNr4qOKGIid1Cb2I&headimgurl=http://wx.qlogo.cn/mmopen/66le6dqUInN2vr5tf0vOLTnNAlFISnvg2HvTIIT7LRXEsvcnc3fPLN5DEvomAPT0afmFiaaEa0TCuTicKq88nS4u59MiagI11R5/0
INFO: [ app_init ] --START--
INFO: Run Behavior\BuildLiteBehavior [ RunTime:0.000023s ]
INFO: [ app_init ] --END-- [ RunTime:0.000581s ]
INFO: [ app_begin ] --START--
INFO: Run Behavior\ReadHtmlCacheBehavior [ RunTime:0.001136s ]
INFO: [ app_begin ] --END-- [ RunTime:0.001215s ]
SQL: SELECT * FROM `yk_register` WHERE `openid` = 'o4qGOwOce3cCmNr4qOKGIid1Cb2I'  [ RunTime:0.0010s ]
INFO: [ view_parse ] --START--
INFO: [ template_filter ] --START--
INFO: Run Behavior\ContentReplaceBehavior [ RunTime:0.000094s ]
INFO: [ template_filter ] --END-- [ RunTime:0.000191s ]
INFO: Run Behavior\ParseTemplateBehavior [ RunTime:0.011995s ]
INFO: [ view_parse ] --END-- [ RunTime:0.012083s ]
INFO: [ view_filter ] --START--
INFO: Run Behavior\WriteHtmlCacheBehavior [ RunTime:0.001200s ]
INFO: [ view_filter ] --END-- [ RunTime:0.001284s ]
INFO: [ app_end ] --START--
INFO: Run Behavior\ShowPageTraceBehavior [ RunTime:0.001202s ]
INFO: [ app_end ] --END-- [ RunTime:0.001276s ]

[ 2017-03-29T16:59:20+08:00 ] 123.151.38.94 /wechat/index.php/Pub/Index/myhome?openid=o4qGOwOce3cCmNr4qOKGIid1Cb2I&headimgurl=http://wx.qlogo.cn/mmopen/66le6dqUInN2vr5tf0vOLTnNAlFISnvg2HvTIIT7LRXEsvcnc3fPLN5DEvomAPT0afmFiaaEa0TCuTicKq88nS4u59MiagI11R5/0
INFO: [ app_init ] --START--
INFO: Run Behavior\BuildLiteBehavior [ RunTime:0.000025s ]
INFO: [ app_init ] --END-- [ RunTime:0.000597s ]
INFO: [ app_begin ] --START--
INFO: Run Behavior\ReadHtmlCacheBehavior [ RunTime:0.001235s ]
INFO: [ app_begin ] --END-- [ RunTime:0.001316s ]
SQL: SELECT * FROM `yk_register` WHERE `openid` = 'o4qGOwOce3cCmNr4qOKGIid1Cb2I'  [ RunTime:0.0008s ]
INFO: [ view_parse ] --START--
INFO: [ template_filter ] --START--
INFO: Run Behavior\ContentReplaceBehavior [ RunTime:0.000072s ]
INFO: [ template_filter ] --END-- [ RunTime:0.000151s ]
INFO: Run Behavior\ParseTemplateBehavior [ RunTime:0.011602s ]
INFO: [ view_parse ] --END-- [ RunTime:0.011681s ]
INFO: [ view_filter ] --START--
INFO: Run Behavior\WriteHtmlCacheBehavior [ RunTime:0.000912s ]
INFO: [ view_filter ] --END-- [ RunTime:0.000975s ]
INFO: [ app_end ] --START--
INFO: Run Behavior\ShowPageTraceBehavior [ RunTime:0.001378s ]
INFO: [ app_end ] --END-- [ RunTime:0.001467s ]

[ 2017-03-29T17:14:09+08:00 ] 125.39.57.38 /wechat/index.php/Pub/Index/index?openid=o4qGOwKQ-guPtZcMQ-felDSgov4k
INFO: [ app_init ] --START--
INFO: Run Behavior\BuildLiteBehavior [ RunTime:0.000022s ]
INFO: [ app_init ] --END-- [ RunTime:0.000694s ]
INFO: [ app_begin ] --START--
INFO: Run Behavior\ReadHtmlCacheBehavior [ RunTime:0.001040s ]
INFO: [ app_begin ] --END-- [ RunTime:0.001122s ]
SQL: SELECT * FROM `yk_user` WHERE `openid` = 'o4qGOwKQ-guPtZcMQ-felDSgov4k' LIMIT 1   [ RunTime:0.0005s ]

[ 2017-03-29T17:14:09+08:00 ] 123.151.138.60 /wechat/index.php/Pub/Index/err.html
INFO: [ app_init ] --START--
INFO: Run Behavior\BuildLiteBehavior [ RunTime:0.000022s ]
INFO: [ app_init ] --END-- [ RunTime:0.000581s ]
INFO: [ app_begin ] --START--
INFO: Run Behavior\ReadHtmlCacheBehavior [ RunTime:0.001077s ]
INFO: [ app_begin ] --END-- [ RunTime:0.001158s ]
INFO: [ view_parse ] --START--
INFO: [ template_filter ] --START--
INFO: Run Behavior\ContentReplaceBehavior [ RunTime:0.000056s ]
INFO: [ template_filter ] --END-- [ RunTime:0.000132s ]
INFO: Run Behavior\ParseTemplateBehavior [ RunTime:0.008555s ]
INFO: [ view_parse ] --END-- [ RunTime:0.008644s ]
INFO: [ view_filter ] --START--
INFO: Run Behavior\WriteHtmlCacheBehavior [ RunTime:0.000803s ]
INFO: [ view_filter ] --END-- [ RunTime:0.000882s ]
INFO: [ app_end ] --START--
INFO: Run Behavior\ShowPageTraceBehavior [ RunTime:0.001084s ]
INFO: [ app_end ] --END-- [ RunTime:0.001153s ]

[ 2017-03-29T17:14:20+08:00 ] 101.226.61.181 /wechat/index.php/Pub/Index/register?openid=o4qGOwKQ-guPtZcMQ-felDSgov4k
INFO: [ app_init ] --START--
INFO: Run Behavior\BuildLiteBehavior [ RunTime:0.000022s ]
INFO: [ app_init ] --END-- [ RunTime:0.000549s ]
INFO: [ app_begin ] --START--
INFO: Run Behavior\ReadHtmlCacheBehavior [ RunTime:0.001096s ]
INFO: [ app_begin ] --END-- [ RunTime:0.001188s ]
SQL: SELECT * FROM `yk_shop`  [ RunTime:0.0005s ]
INFO: [ view_parse ] --START--
INFO: [ template_filter ] --START--
INFO: Run Behavior\ContentReplaceBehavior [ RunTime:0.000107s ]
INFO: [ template_filter ] --END-- [ RunTime:0.000186s ]
INFO: Run Behavior\ParseTemplateBehavior [ RunTime:0.011618s ]
INFO: [ view_parse ] --END-- [ RunTime:0.011701s ]
INFO: [ view_filter ] --START--
INFO: Run Behavior\WriteHtmlCacheBehavior [ RunTime:0.000800s ]
INFO: [ view_filter ] --END-- [ RunTime:0.000864s ]
INFO: [ app_end ] --START--
INFO: Run Behavior\ShowPageTraceBehavior [ RunTime:0.001041s ]
INFO: [ app_end ] --END-- [ RunTime:0.001113s ]

[ 2017-03-29T18:31:22+08:00 ] 223.104.3.204 /wechat/index.php/Pub/Suggest/beforeNormal?bloodGlu=5.3&time=2017-03-29%2008:02:43
INFO: [ app_init ] --START--
INFO: Run Behavior\BuildLiteBehavior [ RunTime:0.000025s ]
INFO: [ app_init ] --END-- [ RunTime:0.000478s ]
INFO: [ app_begin ] --START--
INFO: Run Behavior\ReadHtmlCacheBehavior [ RunTime:0.000636s ]
INFO: [ app_begin ] --END-- [ RunTime:0.000719s ]
NOTIC: [2048] Declaration of Pub\Controller\SuggestController::show() should be compatible with Think\Controller::show($content, $charset = '', $contentType = '', $prefix = '') D:\wwwroot\test_ykzp_com\wechat\Application\Pub\Controller\SuggestController.class.php 第 111 行.
INFO: [ view_parse ] --START--
INFO: [ template_filter ] --START--
INFO: Run Behavior\ContentReplaceBehavior [ RunTime:0.000073s ]
INFO: [ template_filter ] --END-- [ RunTime:0.000147s ]
INFO: Run Behavior\ParseTemplateBehavior [ RunTime:0.018060s ]
INFO: [ view_parse ] --END-- [ RunTime:0.018149s ]
INFO: [ view_filter ] --START--
INFO: Run Behavior\WriteHtmlCacheBehavior [ RunTime:0.000365s ]
INFO: [ view_filter ] --END-- [ RunTime:0.000427s ]
INFO: [ app_end ] --START--
INFO: Run Behavior\ShowPageTraceBehavior [ RunTime:0.000641s ]
INFO: [ app_end ] --END-- [ RunTime:0.000708s ]

[ 2017-03-29T18:59:50+08:00 ] 1.12.43.194 /wechat/index.php/Pub/Index/register?openid=o4qGOwDZNG9mmsqzGeIRYGm-Q_CQ
INFO: [ app_init ] --START--
INFO: Run Behavior\BuildLiteBehavior [ RunTime:0.000024s ]
INFO: [ app_init ] --END-- [ RunTime:0.000517s ]
INFO: [ app_begin ] --START--
INFO: Run Behavior\ReadHtmlCacheBehavior [ RunTime:0.000660s ]
INFO: [ app_begin ] --END-- [ RunTime:0.000739s ]
SQL: SELECT * FROM `yk_shop`  [ RunTime:0.0007s ]
INFO: [ view_parse ] --START--
INFO: [ template_filter ] --START--
INFO: Run Behavior\ContentReplaceBehavior [ RunTime:0.000124s ]
INFO: [ template_filter ] --END-- [ RunTime:0.000211s ]
INFO: Run Behavior\ParseTemplateBehavior [ RunTime:0.019124s ]
INFO: [ view_parse ] --END-- [ RunTime:0.019217s ]
INFO: [ view_filter ] --START--
INFO: Run Behavior\WriteHtmlCacheBehavior [ RunTime:0.000371s ]
INFO: [ view_filter ] --END-- [ RunTime:0.000434s ]
INFO: [ app_end ] --START--
INFO: Run Behavior\ShowPageTraceBehavior [ RunTime:0.000611s ]
INFO: [ app_end ] --END-- [ RunTime:0.000681s ]

[ 2017-03-29T19:00:20+08:00 ] 1.12.43.194 /wechat/index.php/Pub/Index/register?openid=o4qGOwDZNG9mmsqzGeIRYGm-Q_CQ
INFO: [ app_init ] --START--
INFO: Run Behavior\BuildLiteBehavior [ RunTime:0.000029s ]
INFO: [ app_init ] --END-- [ RunTime:0.000543s ]
INFO: [ app_begin ] --START--
INFO: Run Behavior\ReadHtmlCacheBehavior [ RunTime:0.000546s ]
INFO: [ app_begin ] --END-- [ RunTime:0.000650s ]
SQL: SELECT * FROM `yk_shop`  [ RunTime:0.0005s ]
INFO: [ view_parse ] --START--
INFO: [ template_filter ] --START--
INFO: Run Behavior\ContentReplaceBehavior [ RunTime:0.000136s ]
INFO: [ template_filter ] --END-- [ RunTime:0.000260s ]
INFO: Run Behavior\ParseTemplateBehavior [ RunTime:0.010652s ]
INFO: [ view_parse ] --END-- [ RunTime:0.010736s ]
INFO: [ view_filter ] --START--
INFO: Run Behavior\WriteHtmlCacheBehavior [ RunTime:0.000279s ]
INFO: [ view_filter ] --END-- [ RunTime:0.000361s ]
INFO: [ app_end ] --START--
INFO: Run Behavior\ShowPageTraceBehavior [ RunTime:0.000587s ]
INFO: [ app_end ] --END-- [ RunTime:0.000661s ]

[ 2017-03-29T19:16:06+08:00 ] 1.12.43.194 /wechat/index.php/Pub/Index/register?openid=o4qGOwDZNG9mmsqzGeIRYGm-Q_CQ
INFO: [ app_init ] --START--
INFO: Run Behavior\BuildLiteBehavior [ RunTime:0.000022s ]
INFO: [ app_init ] --END-- [ RunTime:0.000416s ]
INFO: [ app_begin ] --START--
INFO: Run Behavior\ReadHtmlCacheBehavior [ RunTime:0.000525s ]
INFO: [ app_begin ] --END-- [ RunTime:0.000603s ]
SQL: SELECT * FROM `yk_shop`  [ RunTime:0.0007s ]
INFO: [ view_parse ] --START--
INFO: [ template_filter ] --START--
INFO: Run Behavior\ContentReplaceBehavior [ RunTime:0.000123s ]
INFO: [ template_filter ] --END-- [ RunTime:0.000215s ]
INFO: Run Behavior\ParseTemplateBehavior [ RunTime:0.019945s ]
INFO: [ view_parse ] --END-- [ RunTime:0.020028s ]
INFO: [ view_filter ] --START--
INFO: Run Behavior\WriteHtmlCacheBehavior [ RunTime:0.000456s ]
INFO: [ view_filter ] --END-- [ RunTime:0.000519s ]
INFO: [ app_end ] --START--
INFO: Run Behavior\ShowPageTraceBehavior [ RunTime:0.000519s ]
INFO: [ app_end ] --END-- [ RunTime:0.000587s ]

